DEBUG - 2025-05-27 00:04:01 --> Session: Class initialized using 'CodeIgniter\Session\Handlers\FileHandler' driver.
DEBUG - 2025-05-27 00:04:05 --> Session: Class initialized using 'CodeIgniter\Session\Handlers\FileHandler' driver.
DEBUG - 2025-05-27 00:04:22 --> Session: Class initialized using 'CodeIgniter\Session\Handlers\FileHandler' driver.
DEBUG - 2025-05-27 00:42:43 --> Session: Class initialized using 'CodeIgniter\Session\Handlers\FileHandler' driver.
DEBUG - 2025-05-27 00:42:45 --> Session: Class initialized using 'CodeIgniter\Session\Handlers\FileHandler' driver.
ERROR - 2025-05-27 00:45:47 --> mysqli_sql_exception: Table 'bd_gerber_federico.agenda_servicios' doesn't exist in C:\xampp\htdocs\proyecto_gerber_federico\system\Database\MySQLi\Connection.php:327
Stack trace:
#0 C:\xampp\htdocs\proyecto_gerber_federico\system\Database\MySQLi\Connection.php(327): mysqli->query('INSERT INTO `ag...', 0)
#1 C:\xampp\htdocs\proyecto_gerber_federico\system\Database\BaseConnection.php(738): CodeIgniter\Database\MySQLi\Connection->execute('INSERT INTO `ag...')
#2 C:\xampp\htdocs\proyecto_gerber_federico\system\Database\BaseConnection.php(652): CodeIgniter\Database\BaseConnection->simpleQuery('INSERT INTO `ag...')
#3 C:\xampp\htdocs\proyecto_gerber_federico\system\Database\BaseBuilder.php(2345): CodeIgniter\Database\BaseConnection->query('INSERT INTO `ag...', Array, false)
#4 C:\xampp\htdocs\proyecto_gerber_federico\system\Model.php(394): CodeIgniter\Database\BaseBuilder->insert()
#5 C:\xampp\htdocs\proyecto_gerber_federico\system\BaseModel.php(839): CodeIgniter\Model->doInsert(Array)
#6 C:\xampp\htdocs\proyecto_gerber_federico\system\Model.php(800): CodeIgniter\BaseModel->insert(Array, true)
#7 C:\xampp\htdocs\proyecto_gerber_federico\app\Controllers\Agendar.php(25): CodeIgniter\Model->insert(Array)
#8 C:\xampp\htdocs\proyecto_gerber_federico\system\CodeIgniter.php(933): App\Controllers\Agendar->guardar()
#9 C:\xampp\htdocs\proyecto_gerber_federico\system\CodeIgniter.php(507): CodeIgniter\CodeIgniter->runController(Object(App\Controllers\Agendar))
#10 C:\xampp\htdocs\proyecto_gerber_federico\system\CodeIgniter.php(354): CodeIgniter\CodeIgniter->handleRequest(NULL, Object(Config\Cache), false)
#11 C:\xampp\htdocs\proyecto_gerber_federico\system\Boot.php(334): CodeIgniter\CodeIgniter->run()
#12 C:\xampp\htdocs\proyecto_gerber_federico\system\Boot.php(67): CodeIgniter\Boot::runCodeIgniter(Object(CodeIgniter\CodeIgniter))
#13 C:\xampp\htdocs\proyecto_gerber_federico\index.php(56): CodeIgniter\Boot::bootWeb(Object(Config\Paths))
#14 {main}
CRITICAL - 2025-05-27 00:45:47 --> CodeIgniter\Database\Exceptions\DatabaseException: Table 'bd_gerber_federico.agenda_servicios' doesn't exist
[Method: POST, Route: agendar/guardar]
in SYSTEMPATH\Database\BaseConnection.php on line 692.
 1 SYSTEMPATH\Database\BaseBuilder.php(2345): CodeIgniter\Database\BaseConnection->query('INSERT INTO `agenda_servicios` (`nombre`, `apellido`, `email`, `servicio`, `comentario`, `fecha`, `fecha_registro`) VALUES (:nombre:, :apellido:, :email:, :servicio:, :comentario:, :fecha:, :fecha_registro:)', [...], false)
 2 SYSTEMPATH\Model.php(394): CodeIgniter\Database\BaseBuilder->insert()
 3 SYSTEMPATH\BaseModel.php(839): CodeIgniter\Model->doInsert([...])
 4 SYSTEMPATH\Model.php(800): CodeIgniter\BaseModel->insert([...], true)
 5 APPPATH\Controllers\Agendar.php(25): CodeIgniter\Model->insert([...])
 6 SYSTEMPATH\CodeIgniter.php(933): App\Controllers\Agendar->guardar()
 7 SYSTEMPATH\CodeIgniter.php(507): CodeIgniter\CodeIgniter->runController(Object(App\Controllers\Agendar))
 8 SYSTEMPATH\CodeIgniter.php(354): CodeIgniter\CodeIgniter->handleRequest(null, Object(Config\Cache), false)
 9 SYSTEMPATH\Boot.php(334): CodeIgniter\CodeIgniter->run()
10 SYSTEMPATH\Boot.php(67): CodeIgniter\Boot::runCodeIgniter(Object(CodeIgniter\CodeIgniter))
11 FCPATH\index.php(56): CodeIgniter\Boot::bootWeb(Object(Config\Paths))
CRITICAL - 2025-05-27 00:45:47 --> [Caused by] CodeIgniter\Database\Exceptions\DatabaseException: Table 'bd_gerber_federico.agenda_servicios' doesn't exist
in SYSTEMPATH\Database\MySQLi\Connection.php on line 332.
 1 SYSTEMPATH\Database\BaseConnection.php(738): CodeIgniter\Database\MySQLi\Connection->execute('INSERT INTO `agenda_servicios` (`nombre`, `apellido`, `email`, `servicio`, `comentario`, `fecha`, `fecha_registro`) VALUES (\'pipo\', \'pipon\', \'pipo@gmail.com\', \'Mantenimiento\', \'QUE ONDA ANDA ESTO CHES?\', \'2025-05-30\', \'2025-05-27 00:45:47\')')
 2 SYSTEMPATH\Database\BaseConnection.php(652): CodeIgniter\Database\BaseConnection->simpleQuery('INSERT INTO `agenda_servicios` (`nombre`, `apellido`, `email`, `servicio`, `comentario`, `fecha`, `fecha_registro`) VALUES (\'pipo\', \'pipon\', \'pipo@gmail.com\', \'Mantenimiento\', \'QUE ONDA ANDA ESTO CHES?\', \'2025-05-30\', \'2025-05-27 00:45:47\')')
 3 SYSTEMPATH\Database\BaseBuilder.php(2345): CodeIgniter\Database\BaseConnection->query('INSERT INTO `agenda_servicios` (`nombre`, `apellido`, `email`, `servicio`, `comentario`, `fecha`, `fecha_registro`) VALUES (:nombre:, :apellido:, :email:, :servicio:, :comentario:, :fecha:, :fecha_registro:)', [...], false)
 4 SYSTEMPATH\Model.php(394): CodeIgniter\Database\BaseBuilder->insert()
 5 SYSTEMPATH\BaseModel.php(839): CodeIgniter\Model->doInsert([...])
 6 SYSTEMPATH\Model.php(800): CodeIgniter\BaseModel->insert([...], true)
 7 APPPATH\Controllers\Agendar.php(25): CodeIgniter\Model->insert([...])
 8 SYSTEMPATH\CodeIgniter.php(933): App\Controllers\Agendar->guardar()
 9 SYSTEMPATH\CodeIgniter.php(507): CodeIgniter\CodeIgniter->runController(Object(App\Controllers\Agendar))
10 SYSTEMPATH\CodeIgniter.php(354): CodeIgniter\CodeIgniter->handleRequest(null, Object(Config\Cache), false)
11 SYSTEMPATH\Boot.php(334): CodeIgniter\CodeIgniter->run()
12 SYSTEMPATH\Boot.php(67): CodeIgniter\Boot::runCodeIgniter(Object(CodeIgniter\CodeIgniter))
13 FCPATH\index.php(56): CodeIgniter\Boot::bootWeb(Object(Config\Paths))
CRITICAL - 2025-05-27 00:45:47 --> [Caused by] mysqli_sql_exception: Table 'bd_gerber_federico.agenda_servicios' doesn't exist
in SYSTEMPATH\Database\MySQLi\Connection.php on line 327.
 1 SYSTEMPATH\Database\MySQLi\Connection.php(327): mysqli->query('INSERT INTO `agenda_servicios` (`nombre`, `apellido`, `email`, `servicio`, `comentario`, `fecha`, `fecha_registro`) VALUES (\'pipo\', \'pipon\', \'pipo@gmail.com\', \'Mantenimiento\', \'QUE ONDA ANDA ESTO CHES?\', \'2025-05-30\', \'2025-05-27 00:45:47\')', 0)
 2 SYSTEMPATH\Database\BaseConnection.php(738): CodeIgniter\Database\MySQLi\Connection->execute('INSERT INTO `agenda_servicios` (`nombre`, `apellido`, `email`, `servicio`, `comentario`, `fecha`, `fecha_registro`) VALUES (\'pipo\', \'pipon\', \'pipo@gmail.com\', \'Mantenimiento\', \'QUE ONDA ANDA ESTO CHES?\', \'2025-05-30\', \'2025-05-27 00:45:47\')')
 3 SYSTEMPATH\Database\BaseConnection.php(652): CodeIgniter\Database\BaseConnection->simpleQuery('INSERT INTO `agenda_servicios` (`nombre`, `apellido`, `email`, `servicio`, `comentario`, `fecha`, `fecha_registro`) VALUES (\'pipo\', \'pipon\', \'pipo@gmail.com\', \'Mantenimiento\', \'QUE ONDA ANDA ESTO CHES?\', \'2025-05-30\', \'2025-05-27 00:45:47\')')
 4 SYSTEMPATH\Database\BaseBuilder.php(2345): CodeIgniter\Database\BaseConnection->query('INSERT INTO `agenda_servicios` (`nombre`, `apellido`, `email`, `servicio`, `comentario`, `fecha`, `fecha_registro`) VALUES (:nombre:, :apellido:, :email:, :servicio:, :comentario:, :fecha:, :fecha_registro:)', [...], false)
 5 SYSTEMPATH\Model.php(394): CodeIgniter\Database\BaseBuilder->insert()
 6 SYSTEMPATH\BaseModel.php(839): CodeIgniter\Model->doInsert([...])
 7 SYSTEMPATH\Model.php(800): CodeIgniter\BaseModel->insert([...], true)
 8 APPPATH\Controllers\Agendar.php(25): CodeIgniter\Model->insert([...])
 9 SYSTEMPATH\CodeIgniter.php(933): App\Controllers\Agendar->guardar()
10 SYSTEMPATH\CodeIgniter.php(507): CodeIgniter\CodeIgniter->runController(Object(App\Controllers\Agendar))
11 SYSTEMPATH\CodeIgniter.php(354): CodeIgniter\CodeIgniter->handleRequest(null, Object(Config\Cache), false)
12 SYSTEMPATH\Boot.php(334): CodeIgniter\CodeIgniter->run()
13 SYSTEMPATH\Boot.php(67): CodeIgniter\Boot::runCodeIgniter(Object(CodeIgniter\CodeIgniter))
14 FCPATH\index.php(56): CodeIgniter\Boot::bootWeb(Object(Config\Paths))
ERROR - 2025-05-27 00:45:56 --> mysqli_sql_exception: Table 'bd_gerber_federico.agenda_servicios' doesn't exist in C:\xampp\htdocs\proyecto_gerber_federico\system\Database\MySQLi\Connection.php:327
Stack trace:
#0 C:\xampp\htdocs\proyecto_gerber_federico\system\Database\MySQLi\Connection.php(327): mysqli->query('INSERT INTO `ag...', 0)
#1 C:\xampp\htdocs\proyecto_gerber_federico\system\Database\BaseConnection.php(738): CodeIgniter\Database\MySQLi\Connection->execute('INSERT INTO `ag...')
#2 C:\xampp\htdocs\proyecto_gerber_federico\system\Database\BaseConnection.php(652): CodeIgniter\Database\BaseConnection->simpleQuery('INSERT INTO `ag...')
#3 C:\xampp\htdocs\proyecto_gerber_federico\system\Database\BaseBuilder.php(2345): CodeIgniter\Database\BaseConnection->query('INSERT INTO `ag...', Array, false)
#4 C:\xampp\htdocs\proyecto_gerber_federico\system\Model.php(394): CodeIgniter\Database\BaseBuilder->insert()
#5 C:\xampp\htdocs\proyecto_gerber_federico\system\BaseModel.php(839): CodeIgniter\Model->doInsert(Array)
#6 C:\xampp\htdocs\proyecto_gerber_federico\system\Model.php(800): CodeIgniter\BaseModel->insert(Array, true)
#7 C:\xampp\htdocs\proyecto_gerber_federico\app\Controllers\Agendar.php(25): CodeIgniter\Model->insert(Array)
#8 C:\xampp\htdocs\proyecto_gerber_federico\system\CodeIgniter.php(933): App\Controllers\Agendar->guardar()
#9 C:\xampp\htdocs\proyecto_gerber_federico\system\CodeIgniter.php(507): CodeIgniter\CodeIgniter->runController(Object(App\Controllers\Agendar))
#10 C:\xampp\htdocs\proyecto_gerber_federico\system\CodeIgniter.php(354): CodeIgniter\CodeIgniter->handleRequest(NULL, Object(Config\Cache), false)
#11 C:\xampp\htdocs\proyecto_gerber_federico\system\Boot.php(334): CodeIgniter\CodeIgniter->run()
#12 C:\xampp\htdocs\proyecto_gerber_federico\system\Boot.php(67): CodeIgniter\Boot::runCodeIgniter(Object(CodeIgniter\CodeIgniter))
#13 C:\xampp\htdocs\proyecto_gerber_federico\index.php(56): CodeIgniter\Boot::bootWeb(Object(Config\Paths))
#14 {main}
CRITICAL - 2025-05-27 00:45:56 --> CodeIgniter\Database\Exceptions\DatabaseException: Table 'bd_gerber_federico.agenda_servicios' doesn't exist
[Method: POST, Route: agendar/guardar]
in SYSTEMPATH\Database\BaseConnection.php on line 692.
 1 SYSTEMPATH\Database\BaseBuilder.php(2345): CodeIgniter\Database\BaseConnection->query('INSERT INTO `agenda_servicios` (`nombre`, `apellido`, `email`, `servicio`, `comentario`, `fecha`, `fecha_registro`) VALUES (:nombre:, :apellido:, :email:, :servicio:, :comentario:, :fecha:, :fecha_registro:)', [...], false)
 2 SYSTEMPATH\Model.php(394): CodeIgniter\Database\BaseBuilder->insert()
 3 SYSTEMPATH\BaseModel.php(839): CodeIgniter\Model->doInsert([...])
 4 SYSTEMPATH\Model.php(800): CodeIgniter\BaseModel->insert([...], true)
 5 APPPATH\Controllers\Agendar.php(25): CodeIgniter\Model->insert([...])
 6 SYSTEMPATH\CodeIgniter.php(933): App\Controllers\Agendar->guardar()
 7 SYSTEMPATH\CodeIgniter.php(507): CodeIgniter\CodeIgniter->runController(Object(App\Controllers\Agendar))
 8 SYSTEMPATH\CodeIgniter.php(354): CodeIgniter\CodeIgniter->handleRequest(null, Object(Config\Cache), false)
 9 SYSTEMPATH\Boot.php(334): CodeIgniter\CodeIgniter->run()
10 SYSTEMPATH\Boot.php(67): CodeIgniter\Boot::runCodeIgniter(Object(CodeIgniter\CodeIgniter))
11 FCPATH\index.php(56): CodeIgniter\Boot::bootWeb(Object(Config\Paths))
CRITICAL - 2025-05-27 00:45:56 --> [Caused by] CodeIgniter\Database\Exceptions\DatabaseException: Table 'bd_gerber_federico.agenda_servicios' doesn't exist
in SYSTEMPATH\Database\MySQLi\Connection.php on line 332.
 1 SYSTEMPATH\Database\BaseConnection.php(738): CodeIgniter\Database\MySQLi\Connection->execute('INSERT INTO `agenda_servicios` (`nombre`, `apellido`, `email`, `servicio`, `comentario`, `fecha`, `fecha_registro`) VALUES (\'pipo\', \'pipon\', \'pipo@gmail.com\', \'Mantenimiento\', \'QUE ONDA ANDA ESTO CHES?\', \'2025-05-30\', \'2025-05-27 00:45:56\')')
 2 SYSTEMPATH\Database\BaseConnection.php(652): CodeIgniter\Database\BaseConnection->simpleQuery('INSERT INTO `agenda_servicios` (`nombre`, `apellido`, `email`, `servicio`, `comentario`, `fecha`, `fecha_registro`) VALUES (\'pipo\', \'pipon\', \'pipo@gmail.com\', \'Mantenimiento\', \'QUE ONDA ANDA ESTO CHES?\', \'2025-05-30\', \'2025-05-27 00:45:56\')')
 3 SYSTEMPATH\Database\BaseBuilder.php(2345): CodeIgniter\Database\BaseConnection->query('INSERT INTO `agenda_servicios` (`nombre`, `apellido`, `email`, `servicio`, `comentario`, `fecha`, `fecha_registro`) VALUES (:nombre:, :apellido:, :email:, :servicio:, :comentario:, :fecha:, :fecha_registro:)', [...], false)
 4 SYSTEMPATH\Model.php(394): CodeIgniter\Database\BaseBuilder->insert()
 5 SYSTEMPATH\BaseModel.php(839): CodeIgniter\Model->doInsert([...])
 6 SYSTEMPATH\Model.php(800): CodeIgniter\BaseModel->insert([...], true)
 7 APPPATH\Controllers\Agendar.php(25): CodeIgniter\Model->insert([...])
 8 SYSTEMPATH\CodeIgniter.php(933): App\Controllers\Agendar->guardar()
 9 SYSTEMPATH\CodeIgniter.php(507): CodeIgniter\CodeIgniter->runController(Object(App\Controllers\Agendar))
10 SYSTEMPATH\CodeIgniter.php(354): CodeIgniter\CodeIgniter->handleRequest(null, Object(Config\Cache), false)
11 SYSTEMPATH\Boot.php(334): CodeIgniter\CodeIgniter->run()
12 SYSTEMPATH\Boot.php(67): CodeIgniter\Boot::runCodeIgniter(Object(CodeIgniter\CodeIgniter))
13 FCPATH\index.php(56): CodeIgniter\Boot::bootWeb(Object(Config\Paths))
CRITICAL - 2025-05-27 00:45:56 --> [Caused by] mysqli_sql_exception: Table 'bd_gerber_federico.agenda_servicios' doesn't exist
in SYSTEMPATH\Database\MySQLi\Connection.php on line 327.
 1 SYSTEMPATH\Database\MySQLi\Connection.php(327): mysqli->query('INSERT INTO `agenda_servicios` (`nombre`, `apellido`, `email`, `servicio`, `comentario`, `fecha`, `fecha_registro`) VALUES (\'pipo\', \'pipon\', \'pipo@gmail.com\', \'Mantenimiento\', \'QUE ONDA ANDA ESTO CHES?\', \'2025-05-30\', \'2025-05-27 00:45:56\')', 0)
 2 SYSTEMPATH\Database\BaseConnection.php(738): CodeIgniter\Database\MySQLi\Connection->execute('INSERT INTO `agenda_servicios` (`nombre`, `apellido`, `email`, `servicio`, `comentario`, `fecha`, `fecha_registro`) VALUES (\'pipo\', \'pipon\', \'pipo@gmail.com\', \'Mantenimiento\', \'QUE ONDA ANDA ESTO CHES?\', \'2025-05-30\', \'2025-05-27 00:45:56\')')
 3 SYSTEMPATH\Database\BaseConnection.php(652): CodeIgniter\Database\BaseConnection->simpleQuery('INSERT INTO `agenda_servicios` (`nombre`, `apellido`, `email`, `servicio`, `comentario`, `fecha`, `fecha_registro`) VALUES (\'pipo\', \'pipon\', \'pipo@gmail.com\', \'Mantenimiento\', \'QUE ONDA ANDA ESTO CHES?\', \'2025-05-30\', \'2025-05-27 00:45:56\')')
 4 SYSTEMPATH\Database\BaseBuilder.php(2345): CodeIgniter\Database\BaseConnection->query('INSERT INTO `agenda_servicios` (`nombre`, `apellido`, `email`, `servicio`, `comentario`, `fecha`, `fecha_registro`) VALUES (:nombre:, :apellido:, :email:, :servicio:, :comentario:, :fecha:, :fecha_registro:)', [...], false)
 5 SYSTEMPATH\Model.php(394): CodeIgniter\Database\BaseBuilder->insert()
 6 SYSTEMPATH\BaseModel.php(839): CodeIgniter\Model->doInsert([...])
 7 SYSTEMPATH\Model.php(800): CodeIgniter\BaseModel->insert([...], true)
 8 APPPATH\Controllers\Agendar.php(25): CodeIgniter\Model->insert([...])
 9 SYSTEMPATH\CodeIgniter.php(933): App\Controllers\Agendar->guardar()
10 SYSTEMPATH\CodeIgniter.php(507): CodeIgniter\CodeIgniter->runController(Object(App\Controllers\Agendar))
11 SYSTEMPATH\CodeIgniter.php(354): CodeIgniter\CodeIgniter->handleRequest(null, Object(Config\Cache), false)
12 SYSTEMPATH\Boot.php(334): CodeIgniter\CodeIgniter->run()
13 SYSTEMPATH\Boot.php(67): CodeIgniter\Boot::runCodeIgniter(Object(CodeIgniter\CodeIgniter))
14 FCPATH\index.php(56): CodeIgniter\Boot::bootWeb(Object(Config\Paths))
ERROR - 2025-05-27 00:48:02 --> mysqli_sql_exception: Table 'bd_gerber_federico.agenda_servicios' doesn't exist in C:\xampp\htdocs\proyecto_gerber_federico\system\Database\MySQLi\Connection.php:327
Stack trace:
#0 C:\xampp\htdocs\proyecto_gerber_federico\system\Database\MySQLi\Connection.php(327): mysqli->query('INSERT INTO `ag...', 0)
#1 C:\xampp\htdocs\proyecto_gerber_federico\system\Database\BaseConnection.php(738): CodeIgniter\Database\MySQLi\Connection->execute('INSERT INTO `ag...')
#2 C:\xampp\htdocs\proyecto_gerber_federico\system\Database\BaseConnection.php(652): CodeIgniter\Database\BaseConnection->simpleQuery('INSERT INTO `ag...')
#3 C:\xampp\htdocs\proyecto_gerber_federico\system\Database\BaseBuilder.php(2345): CodeIgniter\Database\BaseConnection->query('INSERT INTO `ag...', Array, false)
#4 C:\xampp\htdocs\proyecto_gerber_federico\system\Model.php(394): CodeIgniter\Database\BaseBuilder->insert()
#5 C:\xampp\htdocs\proyecto_gerber_federico\system\BaseModel.php(839): CodeIgniter\Model->doInsert(Array)
#6 C:\xampp\htdocs\proyecto_gerber_federico\system\Model.php(800): CodeIgniter\BaseModel->insert(Array, true)
#7 C:\xampp\htdocs\proyecto_gerber_federico\app\Controllers\Agendar.php(25): CodeIgniter\Model->insert(Array)
#8 C:\xampp\htdocs\proyecto_gerber_federico\system\CodeIgniter.php(933): App\Controllers\Agendar->guardar()
#9 C:\xampp\htdocs\proyecto_gerber_federico\system\CodeIgniter.php(507): CodeIgniter\CodeIgniter->runController(Object(App\Controllers\Agendar))
#10 C:\xampp\htdocs\proyecto_gerber_federico\system\CodeIgniter.php(354): CodeIgniter\CodeIgniter->handleRequest(NULL, Object(Config\Cache), false)
#11 C:\xampp\htdocs\proyecto_gerber_federico\system\Boot.php(334): CodeIgniter\CodeIgniter->run()
#12 C:\xampp\htdocs\proyecto_gerber_federico\system\Boot.php(67): CodeIgniter\Boot::runCodeIgniter(Object(CodeIgniter\CodeIgniter))
#13 C:\xampp\htdocs\proyecto_gerber_federico\index.php(56): CodeIgniter\Boot::bootWeb(Object(Config\Paths))
#14 {main}
CRITICAL - 2025-05-27 00:48:02 --> CodeIgniter\Database\Exceptions\DatabaseException: Table 'bd_gerber_federico.agenda_servicios' doesn't exist
[Method: POST, Route: agendar/guardar]
in SYSTEMPATH\Database\BaseConnection.php on line 692.
 1 SYSTEMPATH\Database\BaseBuilder.php(2345): CodeIgniter\Database\BaseConnection->query('INSERT INTO `agenda_servicios` (`nombre`, `apellido`, `email`, `servicio`, `comentario`, `fecha`, `fecha_registro`) VALUES (:nombre:, :apellido:, :email:, :servicio:, :comentario:, :fecha:, :fecha_registro:)', [...], false)
 2 SYSTEMPATH\Model.php(394): CodeIgniter\Database\BaseBuilder->insert()
 3 SYSTEMPATH\BaseModel.php(839): CodeIgniter\Model->doInsert([...])
 4 SYSTEMPATH\Model.php(800): CodeIgniter\BaseModel->insert([...], true)
 5 APPPATH\Controllers\Agendar.php(25): CodeIgniter\Model->insert([...])
 6 SYSTEMPATH\CodeIgniter.php(933): App\Controllers\Agendar->guardar()
 7 SYSTEMPATH\CodeIgniter.php(507): CodeIgniter\CodeIgniter->runController(Object(App\Controllers\Agendar))
 8 SYSTEMPATH\CodeIgniter.php(354): CodeIgniter\CodeIgniter->handleRequest(null, Object(Config\Cache), false)
 9 SYSTEMPATH\Boot.php(334): CodeIgniter\CodeIgniter->run()
10 SYSTEMPATH\Boot.php(67): CodeIgniter\Boot::runCodeIgniter(Object(CodeIgniter\CodeIgniter))
11 FCPATH\index.php(56): CodeIgniter\Boot::bootWeb(Object(Config\Paths))
CRITICAL - 2025-05-27 00:48:02 --> [Caused by] CodeIgniter\Database\Exceptions\DatabaseException: Table 'bd_gerber_federico.agenda_servicios' doesn't exist
in SYSTEMPATH\Database\MySQLi\Connection.php on line 332.
 1 SYSTEMPATH\Database\BaseConnection.php(738): CodeIgniter\Database\MySQLi\Connection->execute('INSERT INTO `agenda_servicios` (`nombre`, `apellido`, `email`, `servicio`, `comentario`, `fecha`, `fecha_registro`) VALUES (\'pipo\', \'pipon\', \'pipo@gmail.com\', \'Mantenimiento\', \'QUE ONDA ANDA ESTO CHES?\', \'2025-05-30\', \'2025-05-27 00:48:02\')')
 2 SYSTEMPATH\Database\BaseConnection.php(652): CodeIgniter\Database\BaseConnection->simpleQuery('INSERT INTO `agenda_servicios` (`nombre`, `apellido`, `email`, `servicio`, `comentario`, `fecha`, `fecha_registro`) VALUES (\'pipo\', \'pipon\', \'pipo@gmail.com\', \'Mantenimiento\', \'QUE ONDA ANDA ESTO CHES?\', \'2025-05-30\', \'2025-05-27 00:48:02\')')
 3 SYSTEMPATH\Database\BaseBuilder.php(2345): CodeIgniter\Database\BaseConnection->query('INSERT INTO `agenda_servicios` (`nombre`, `apellido`, `email`, `servicio`, `comentario`, `fecha`, `fecha_registro`) VALUES (:nombre:, :apellido:, :email:, :servicio:, :comentario:, :fecha:, :fecha_registro:)', [...], false)
 4 SYSTEMPATH\Model.php(394): CodeIgniter\Database\BaseBuilder->insert()
 5 SYSTEMPATH\BaseModel.php(839): CodeIgniter\Model->doInsert([...])
 6 SYSTEMPATH\Model.php(800): CodeIgniter\BaseModel->insert([...], true)
 7 APPPATH\Controllers\Agendar.php(25): CodeIgniter\Model->insert([...])
 8 SYSTEMPATH\CodeIgniter.php(933): App\Controllers\Agendar->guardar()
 9 SYSTEMPATH\CodeIgniter.php(507): CodeIgniter\CodeIgniter->runController(Object(App\Controllers\Agendar))
10 SYSTEMPATH\CodeIgniter.php(354): CodeIgniter\CodeIgniter->handleRequest(null, Object(Config\Cache), false)
11 SYSTEMPATH\Boot.php(334): CodeIgniter\CodeIgniter->run()
12 SYSTEMPATH\Boot.php(67): CodeIgniter\Boot::runCodeIgniter(Object(CodeIgniter\CodeIgniter))
13 FCPATH\index.php(56): CodeIgniter\Boot::bootWeb(Object(Config\Paths))
CRITICAL - 2025-05-27 00:48:02 --> [Caused by] mysqli_sql_exception: Table 'bd_gerber_federico.agenda_servicios' doesn't exist
in SYSTEMPATH\Database\MySQLi\Connection.php on line 327.
 1 SYSTEMPATH\Database\MySQLi\Connection.php(327): mysqli->query('INSERT INTO `agenda_servicios` (`nombre`, `apellido`, `email`, `servicio`, `comentario`, `fecha`, `fecha_registro`) VALUES (\'pipo\', \'pipon\', \'pipo@gmail.com\', \'Mantenimiento\', \'QUE ONDA ANDA ESTO CHES?\', \'2025-05-30\', \'2025-05-27 00:48:02\')', 0)
 2 SYSTEMPATH\Database\BaseConnection.php(738): CodeIgniter\Database\MySQLi\Connection->execute('INSERT INTO `agenda_servicios` (`nombre`, `apellido`, `email`, `servicio`, `comentario`, `fecha`, `fecha_registro`) VALUES (\'pipo\', \'pipon\', \'pipo@gmail.com\', \'Mantenimiento\', \'QUE ONDA ANDA ESTO CHES?\', \'2025-05-30\', \'2025-05-27 00:48:02\')')
 3 SYSTEMPATH\Database\BaseConnection.php(652): CodeIgniter\Database\BaseConnection->simpleQuery('INSERT INTO `agenda_servicios` (`nombre`, `apellido`, `email`, `servicio`, `comentario`, `fecha`, `fecha_registro`) VALUES (\'pipo\', \'pipon\', \'pipo@gmail.com\', \'Mantenimiento\', \'QUE ONDA ANDA ESTO CHES?\', \'2025-05-30\', \'2025-05-27 00:48:02\')')
 4 SYSTEMPATH\Database\BaseBuilder.php(2345): CodeIgniter\Database\BaseConnection->query('INSERT INTO `agenda_servicios` (`nombre`, `apellido`, `email`, `servicio`, `comentario`, `fecha`, `fecha_registro`) VALUES (:nombre:, :apellido:, :email:, :servicio:, :comentario:, :fecha:, :fecha_registro:)', [...], false)
 5 SYSTEMPATH\Model.php(394): CodeIgniter\Database\BaseBuilder->insert()
 6 SYSTEMPATH\BaseModel.php(839): CodeIgniter\Model->doInsert([...])
 7 SYSTEMPATH\Model.php(800): CodeIgniter\BaseModel->insert([...], true)
 8 APPPATH\Controllers\Agendar.php(25): CodeIgniter\Model->insert([...])
 9 SYSTEMPATH\CodeIgniter.php(933): App\Controllers\Agendar->guardar()
10 SYSTEMPATH\CodeIgniter.php(507): CodeIgniter\CodeIgniter->runController(Object(App\Controllers\Agendar))
11 SYSTEMPATH\CodeIgniter.php(354): CodeIgniter\CodeIgniter->handleRequest(null, Object(Config\Cache), false)
12 SYSTEMPATH\Boot.php(334): CodeIgniter\CodeIgniter->run()
13 SYSTEMPATH\Boot.php(67): CodeIgniter\Boot::runCodeIgniter(Object(CodeIgniter\CodeIgniter))
14 FCPATH\index.php(56): CodeIgniter\Boot::bootWeb(Object(Config\Paths))
DEBUG - 2025-05-27 00:51:35 --> Session: Class initialized using 'CodeIgniter\Session\Handlers\FileHandler' driver.
ERROR - 2025-05-27 00:52:04 --> mysqli_sql_exception: Table 'bd_gerber_federico.agenda_servicios' doesn't exist in C:\xampp\htdocs\proyecto_gerber_federico\system\Database\MySQLi\Connection.php:327
Stack trace:
#0 C:\xampp\htdocs\proyecto_gerber_federico\system\Database\MySQLi\Connection.php(327): mysqli->query('INSERT INTO `ag...', 0)
#1 C:\xampp\htdocs\proyecto_gerber_federico\system\Database\BaseConnection.php(738): CodeIgniter\Database\MySQLi\Connection->execute('INSERT INTO `ag...')
#2 C:\xampp\htdocs\proyecto_gerber_federico\system\Database\BaseConnection.php(652): CodeIgniter\Database\BaseConnection->simpleQuery('INSERT INTO `ag...')
#3 C:\xampp\htdocs\proyecto_gerber_federico\system\Database\BaseBuilder.php(2345): CodeIgniter\Database\BaseConnection->query('INSERT INTO `ag...', Array, false)
#4 C:\xampp\htdocs\proyecto_gerber_federico\system\Model.php(394): CodeIgniter\Database\BaseBuilder->insert()
#5 C:\xampp\htdocs\proyecto_gerber_federico\system\BaseModel.php(839): CodeIgniter\Model->doInsert(Array)
#6 C:\xampp\htdocs\proyecto_gerber_federico\system\Model.php(800): CodeIgniter\BaseModel->insert(Array, true)
#7 C:\xampp\htdocs\proyecto_gerber_federico\app\Controllers\Agendar.php(25): CodeIgniter\Model->insert(Array)
#8 C:\xampp\htdocs\proyecto_gerber_federico\system\CodeIgniter.php(933): App\Controllers\Agendar->guardar()
#9 C:\xampp\htdocs\proyecto_gerber_federico\system\CodeIgniter.php(507): CodeIgniter\CodeIgniter->runController(Object(App\Controllers\Agendar))
#10 C:\xampp\htdocs\proyecto_gerber_federico\system\CodeIgniter.php(354): CodeIgniter\CodeIgniter->handleRequest(NULL, Object(Config\Cache), false)
#11 C:\xampp\htdocs\proyecto_gerber_federico\system\Boot.php(334): CodeIgniter\CodeIgniter->run()
#12 C:\xampp\htdocs\proyecto_gerber_federico\system\Boot.php(67): CodeIgniter\Boot::runCodeIgniter(Object(CodeIgniter\CodeIgniter))
#13 C:\xampp\htdocs\proyecto_gerber_federico\index.php(56): CodeIgniter\Boot::bootWeb(Object(Config\Paths))
#14 {main}
CRITICAL - 2025-05-27 00:52:04 --> CodeIgniter\Database\Exceptions\DatabaseException: Table 'bd_gerber_federico.agenda_servicios' doesn't exist
[Method: POST, Route: agendar/guardar]
in SYSTEMPATH\Database\BaseConnection.php on line 692.
 1 SYSTEMPATH\Database\BaseBuilder.php(2345): CodeIgniter\Database\BaseConnection->query('INSERT INTO `agenda_servicios` (`nombre`, `apellido`, `email`, `servicio`, `comentario`, `fecha`, `fecha_registro`) VALUES (:nombre:, :apellido:, :email:, :servicio:, :comentario:, :fecha:, :fecha_registro:)', [...], false)
 2 SYSTEMPATH\Model.php(394): CodeIgniter\Database\BaseBuilder->insert()
 3 SYSTEMPATH\BaseModel.php(839): CodeIgniter\Model->doInsert([...])
 4 SYSTEMPATH\Model.php(800): CodeIgniter\BaseModel->insert([...], true)
 5 APPPATH\Controllers\Agendar.php(25): CodeIgniter\Model->insert([...])
 6 SYSTEMPATH\CodeIgniter.php(933): App\Controllers\Agendar->guardar()
 7 SYSTEMPATH\CodeIgniter.php(507): CodeIgniter\CodeIgniter->runController(Object(App\Controllers\Agendar))
 8 SYSTEMPATH\CodeIgniter.php(354): CodeIgniter\CodeIgniter->handleRequest(null, Object(Config\Cache), false)
 9 SYSTEMPATH\Boot.php(334): CodeIgniter\CodeIgniter->run()
10 SYSTEMPATH\Boot.php(67): CodeIgniter\Boot::runCodeIgniter(Object(CodeIgniter\CodeIgniter))
11 FCPATH\index.php(56): CodeIgniter\Boot::bootWeb(Object(Config\Paths))
CRITICAL - 2025-05-27 00:52:04 --> [Caused by] CodeIgniter\Database\Exceptions\DatabaseException: Table 'bd_gerber_federico.agenda_servicios' doesn't exist
in SYSTEMPATH\Database\MySQLi\Connection.php on line 332.
 1 SYSTEMPATH\Database\BaseConnection.php(738): CodeIgniter\Database\MySQLi\Connection->execute('INSERT INTO `agenda_servicios` (`nombre`, `apellido`, `email`, `servicio`, `comentario`, `fecha`, `fecha_registro`) VALUES (\'pipo\', \'pipon\', \'pipi@gmail.com\', \'Mantenimiento\', \'ñeñeñeññe\', \'2025-06-05\', \'2025-05-27 00:52:04\')')
 2 SYSTEMPATH\Database\BaseConnection.php(652): CodeIgniter\Database\BaseConnection->simpleQuery('INSERT INTO `agenda_servicios` (`nombre`, `apellido`, `email`, `servicio`, `comentario`, `fecha`, `fecha_registro`) VALUES (\'pipo\', \'pipon\', \'pipi@gmail.com\', \'Mantenimiento\', \'ñeñeñeññe\', \'2025-06-05\', \'2025-05-27 00:52:04\')')
 3 SYSTEMPATH\Database\BaseBuilder.php(2345): CodeIgniter\Database\BaseConnection->query('INSERT INTO `agenda_servicios` (`nombre`, `apellido`, `email`, `servicio`, `comentario`, `fecha`, `fecha_registro`) VALUES (:nombre:, :apellido:, :email:, :servicio:, :comentario:, :fecha:, :fecha_registro:)', [...], false)
 4 SYSTEMPATH\Model.php(394): CodeIgniter\Database\BaseBuilder->insert()
 5 SYSTEMPATH\BaseModel.php(839): CodeIgniter\Model->doInsert([...])
 6 SYSTEMPATH\Model.php(800): CodeIgniter\BaseModel->insert([...], true)
 7 APPPATH\Controllers\Agendar.php(25): CodeIgniter\Model->insert([...])
 8 SYSTEMPATH\CodeIgniter.php(933): App\Controllers\Agendar->guardar()
 9 SYSTEMPATH\CodeIgniter.php(507): CodeIgniter\CodeIgniter->runController(Object(App\Controllers\Agendar))
10 SYSTEMPATH\CodeIgniter.php(354): CodeIgniter\CodeIgniter->handleRequest(null, Object(Config\Cache), false)
11 SYSTEMPATH\Boot.php(334): CodeIgniter\CodeIgniter->run()
12 SYSTEMPATH\Boot.php(67): CodeIgniter\Boot::runCodeIgniter(Object(CodeIgniter\CodeIgniter))
13 FCPATH\index.php(56): CodeIgniter\Boot::bootWeb(Object(Config\Paths))
CRITICAL - 2025-05-27 00:52:04 --> [Caused by] mysqli_sql_exception: Table 'bd_gerber_federico.agenda_servicios' doesn't exist
in SYSTEMPATH\Database\MySQLi\Connection.php on line 327.
 1 SYSTEMPATH\Database\MySQLi\Connection.php(327): mysqli->query('INSERT INTO `agenda_servicios` (`nombre`, `apellido`, `email`, `servicio`, `comentario`, `fecha`, `fecha_registro`) VALUES (\'pipo\', \'pipon\', \'pipi@gmail.com\', \'Mantenimiento\', \'ñeñeñeññe\', \'2025-06-05\', \'2025-05-27 00:52:04\')', 0)
 2 SYSTEMPATH\Database\BaseConnection.php(738): CodeIgniter\Database\MySQLi\Connection->execute('INSERT INTO `agenda_servicios` (`nombre`, `apellido`, `email`, `servicio`, `comentario`, `fecha`, `fecha_registro`) VALUES (\'pipo\', \'pipon\', \'pipi@gmail.com\', \'Mantenimiento\', \'ñeñeñeññe\', \'2025-06-05\', \'2025-05-27 00:52:04\')')
 3 SYSTEMPATH\Database\BaseConnection.php(652): CodeIgniter\Database\BaseConnection->simpleQuery('INSERT INTO `agenda_servicios` (`nombre`, `apellido`, `email`, `servicio`, `comentario`, `fecha`, `fecha_registro`) VALUES (\'pipo\', \'pipon\', \'pipi@gmail.com\', \'Mantenimiento\', \'ñeñeñeññe\', \'2025-06-05\', \'2025-05-27 00:52:04\')')
 4 SYSTEMPATH\Database\BaseBuilder.php(2345): CodeIgniter\Database\BaseConnection->query('INSERT INTO `agenda_servicios` (`nombre`, `apellido`, `email`, `servicio`, `comentario`, `fecha`, `fecha_registro`) VALUES (:nombre:, :apellido:, :email:, :servicio:, :comentario:, :fecha:, :fecha_registro:)', [...], false)
 5 SYSTEMPATH\Model.php(394): CodeIgniter\Database\BaseBuilder->insert()
 6 SYSTEMPATH\BaseModel.php(839): CodeIgniter\Model->doInsert([...])
 7 SYSTEMPATH\Model.php(800): CodeIgniter\BaseModel->insert([...], true)
 8 APPPATH\Controllers\Agendar.php(25): CodeIgniter\Model->insert([...])
 9 SYSTEMPATH\CodeIgniter.php(933): App\Controllers\Agendar->guardar()
10 SYSTEMPATH\CodeIgniter.php(507): CodeIgniter\CodeIgniter->runController(Object(App\Controllers\Agendar))
11 SYSTEMPATH\CodeIgniter.php(354): CodeIgniter\CodeIgniter->handleRequest(null, Object(Config\Cache), false)
12 SYSTEMPATH\Boot.php(334): CodeIgniter\CodeIgniter->run()
13 SYSTEMPATH\Boot.php(67): CodeIgniter\Boot::runCodeIgniter(Object(CodeIgniter\CodeIgniter))
14 FCPATH\index.php(56): CodeIgniter\Boot::bootWeb(Object(Config\Paths))
ERROR - 2025-05-27 00:52:26 --> mysqli_sql_exception: Table 'bd_gerber_federico.agenda_servicios' doesn't exist in C:\xampp\htdocs\proyecto_gerber_federico\system\Database\MySQLi\Connection.php:327
Stack trace:
#0 C:\xampp\htdocs\proyecto_gerber_federico\system\Database\MySQLi\Connection.php(327): mysqli->query('INSERT INTO `ag...', 0)
#1 C:\xampp\htdocs\proyecto_gerber_federico\system\Database\BaseConnection.php(738): CodeIgniter\Database\MySQLi\Connection->execute('INSERT INTO `ag...')
#2 C:\xampp\htdocs\proyecto_gerber_federico\system\Database\BaseConnection.php(652): CodeIgniter\Database\BaseConnection->simpleQuery('INSERT INTO `ag...')
#3 C:\xampp\htdocs\proyecto_gerber_federico\system\Database\BaseBuilder.php(2345): CodeIgniter\Database\BaseConnection->query('INSERT INTO `ag...', Array, false)
#4 C:\xampp\htdocs\proyecto_gerber_federico\system\Model.php(394): CodeIgniter\Database\BaseBuilder->insert()
#5 C:\xampp\htdocs\proyecto_gerber_federico\system\BaseModel.php(839): CodeIgniter\Model->doInsert(Array)
#6 C:\xampp\htdocs\proyecto_gerber_federico\system\Model.php(800): CodeIgniter\BaseModel->insert(Array, true)
#7 C:\xampp\htdocs\proyecto_gerber_federico\app\Controllers\Agendar.php(25): CodeIgniter\Model->insert(Array)
#8 C:\xampp\htdocs\proyecto_gerber_federico\system\CodeIgniter.php(933): App\Controllers\Agendar->guardar()
#9 C:\xampp\htdocs\proyecto_gerber_federico\system\CodeIgniter.php(507): CodeIgniter\CodeIgniter->runController(Object(App\Controllers\Agendar))
#10 C:\xampp\htdocs\proyecto_gerber_federico\system\CodeIgniter.php(354): CodeIgniter\CodeIgniter->handleRequest(NULL, Object(Config\Cache), false)
#11 C:\xampp\htdocs\proyecto_gerber_federico\system\Boot.php(334): CodeIgniter\CodeIgniter->run()
#12 C:\xampp\htdocs\proyecto_gerber_federico\system\Boot.php(67): CodeIgniter\Boot::runCodeIgniter(Object(CodeIgniter\CodeIgniter))
#13 C:\xampp\htdocs\proyecto_gerber_federico\index.php(56): CodeIgniter\Boot::bootWeb(Object(Config\Paths))
#14 {main}
CRITICAL - 2025-05-27 00:52:26 --> CodeIgniter\Database\Exceptions\DatabaseException: Table 'bd_gerber_federico.agenda_servicios' doesn't exist
[Method: POST, Route: agendar/guardar]
in SYSTEMPATH\Database\BaseConnection.php on line 692.
 1 SYSTEMPATH\Database\BaseBuilder.php(2345): CodeIgniter\Database\BaseConnection->query('INSERT INTO `agenda_servicios` (`nombre`, `apellido`, `email`, `servicio`, `comentario`, `fecha`, `fecha_registro`) VALUES (:nombre:, :apellido:, :email:, :servicio:, :comentario:, :fecha:, :fecha_registro:)', [...], false)
 2 SYSTEMPATH\Model.php(394): CodeIgniter\Database\BaseBuilder->insert()
 3 SYSTEMPATH\BaseModel.php(839): CodeIgniter\Model->doInsert([...])
 4 SYSTEMPATH\Model.php(800): CodeIgniter\BaseModel->insert([...], true)
 5 APPPATH\Controllers\Agendar.php(25): CodeIgniter\Model->insert([...])
 6 SYSTEMPATH\CodeIgniter.php(933): App\Controllers\Agendar->guardar()
 7 SYSTEMPATH\CodeIgniter.php(507): CodeIgniter\CodeIgniter->runController(Object(App\Controllers\Agendar))
 8 SYSTEMPATH\CodeIgniter.php(354): CodeIgniter\CodeIgniter->handleRequest(null, Object(Config\Cache), false)
 9 SYSTEMPATH\Boot.php(334): CodeIgniter\CodeIgniter->run()
10 SYSTEMPATH\Boot.php(67): CodeIgniter\Boot::runCodeIgniter(Object(CodeIgniter\CodeIgniter))
11 FCPATH\index.php(56): CodeIgniter\Boot::bootWeb(Object(Config\Paths))
CRITICAL - 2025-05-27 00:52:26 --> [Caused by] CodeIgniter\Database\Exceptions\DatabaseException: Table 'bd_gerber_federico.agenda_servicios' doesn't exist
in SYSTEMPATH\Database\MySQLi\Connection.php on line 332.
 1 SYSTEMPATH\Database\BaseConnection.php(738): CodeIgniter\Database\MySQLi\Connection->execute('INSERT INTO `agenda_servicios` (`nombre`, `apellido`, `email`, `servicio`, `comentario`, `fecha`, `fecha_registro`) VALUES (\'pipo\', \'pipon\', \'pipi@gmail.com\', \'Mantenimiento\', \'ñeñeñeññe\', \'2025-06-05\', \'2025-05-27 00:52:26\')')
 2 SYSTEMPATH\Database\BaseConnection.php(652): CodeIgniter\Database\BaseConnection->simpleQuery('INSERT INTO `agenda_servicios` (`nombre`, `apellido`, `email`, `servicio`, `comentario`, `fecha`, `fecha_registro`) VALUES (\'pipo\', \'pipon\', \'pipi@gmail.com\', \'Mantenimiento\', \'ñeñeñeññe\', \'2025-06-05\', \'2025-05-27 00:52:26\')')
 3 SYSTEMPATH\Database\BaseBuilder.php(2345): CodeIgniter\Database\BaseConnection->query('INSERT INTO `agenda_servicios` (`nombre`, `apellido`, `email`, `servicio`, `comentario`, `fecha`, `fecha_registro`) VALUES (:nombre:, :apellido:, :email:, :servicio:, :comentario:, :fecha:, :fecha_registro:)', [...], false)
 4 SYSTEMPATH\Model.php(394): CodeIgniter\Database\BaseBuilder->insert()
 5 SYSTEMPATH\BaseModel.php(839): CodeIgniter\Model->doInsert([...])
 6 SYSTEMPATH\Model.php(800): CodeIgniter\BaseModel->insert([...], true)
 7 APPPATH\Controllers\Agendar.php(25): CodeIgniter\Model->insert([...])
 8 SYSTEMPATH\CodeIgniter.php(933): App\Controllers\Agendar->guardar()
 9 SYSTEMPATH\CodeIgniter.php(507): CodeIgniter\CodeIgniter->runController(Object(App\Controllers\Agendar))
10 SYSTEMPATH\CodeIgniter.php(354): CodeIgniter\CodeIgniter->handleRequest(null, Object(Config\Cache), false)
11 SYSTEMPATH\Boot.php(334): CodeIgniter\CodeIgniter->run()
12 SYSTEMPATH\Boot.php(67): CodeIgniter\Boot::runCodeIgniter(Object(CodeIgniter\CodeIgniter))
13 FCPATH\index.php(56): CodeIgniter\Boot::bootWeb(Object(Config\Paths))
CRITICAL - 2025-05-27 00:52:26 --> [Caused by] mysqli_sql_exception: Table 'bd_gerber_federico.agenda_servicios' doesn't exist
in SYSTEMPATH\Database\MySQLi\Connection.php on line 327.
 1 SYSTEMPATH\Database\MySQLi\Connection.php(327): mysqli->query('INSERT INTO `agenda_servicios` (`nombre`, `apellido`, `email`, `servicio`, `comentario`, `fecha`, `fecha_registro`) VALUES (\'pipo\', \'pipon\', \'pipi@gmail.com\', \'Mantenimiento\', \'ñeñeñeññe\', \'2025-06-05\', \'2025-05-27 00:52:26\')', 0)
 2 SYSTEMPATH\Database\BaseConnection.php(738): CodeIgniter\Database\MySQLi\Connection->execute('INSERT INTO `agenda_servicios` (`nombre`, `apellido`, `email`, `servicio`, `comentario`, `fecha`, `fecha_registro`) VALUES (\'pipo\', \'pipon\', \'pipi@gmail.com\', \'Mantenimiento\', \'ñeñeñeññe\', \'2025-06-05\', \'2025-05-27 00:52:26\')')
 3 SYSTEMPATH\Database\BaseConnection.php(652): CodeIgniter\Database\BaseConnection->simpleQuery('INSERT INTO `agenda_servicios` (`nombre`, `apellido`, `email`, `servicio`, `comentario`, `fecha`, `fecha_registro`) VALUES (\'pipo\', \'pipon\', \'pipi@gmail.com\', \'Mantenimiento\', \'ñeñeñeññe\', \'2025-06-05\', \'2025-05-27 00:52:26\')')
 4 SYSTEMPATH\Database\BaseBuilder.php(2345): CodeIgniter\Database\BaseConnection->query('INSERT INTO `agenda_servicios` (`nombre`, `apellido`, `email`, `servicio`, `comentario`, `fecha`, `fecha_registro`) VALUES (:nombre:, :apellido:, :email:, :servicio:, :comentario:, :fecha:, :fecha_registro:)', [...], false)
 5 SYSTEMPATH\Model.php(394): CodeIgniter\Database\BaseBuilder->insert()
 6 SYSTEMPATH\BaseModel.php(839): CodeIgniter\Model->doInsert([...])
 7 SYSTEMPATH\Model.php(800): CodeIgniter\BaseModel->insert([...], true)
 8 APPPATH\Controllers\Agendar.php(25): CodeIgniter\Model->insert([...])
 9 SYSTEMPATH\CodeIgniter.php(933): App\Controllers\Agendar->guardar()
10 SYSTEMPATH\CodeIgniter.php(507): CodeIgniter\CodeIgniter->runController(Object(App\Controllers\Agendar))
11 SYSTEMPATH\CodeIgniter.php(354): CodeIgniter\CodeIgniter->handleRequest(null, Object(Config\Cache), false)
12 SYSTEMPATH\Boot.php(334): CodeIgniter\CodeIgniter->run()
13 SYSTEMPATH\Boot.php(67): CodeIgniter\Boot::runCodeIgniter(Object(CodeIgniter\CodeIgniter))
14 FCPATH\index.php(56): CodeIgniter\Boot::bootWeb(Object(Config\Paths))
DEBUG - 2025-05-27 00:52:29 --> Session: Class initialized using 'CodeIgniter\Session\Handlers\FileHandler' driver.
ERROR - 2025-05-27 00:55:46 --> mysqli_sql_exception: Table 'bd_gerber_federico.agenda_servicios' doesn't exist in C:\xampp\htdocs\proyecto_gerber_federico\system\Database\MySQLi\Connection.php:327
Stack trace:
#0 C:\xampp\htdocs\proyecto_gerber_federico\system\Database\MySQLi\Connection.php(327): mysqli->query('INSERT INTO `ag...', 0)
#1 C:\xampp\htdocs\proyecto_gerber_federico\system\Database\BaseConnection.php(738): CodeIgniter\Database\MySQLi\Connection->execute('INSERT INTO `ag...')
#2 C:\xampp\htdocs\proyecto_gerber_federico\system\Database\BaseConnection.php(652): CodeIgniter\Database\BaseConnection->simpleQuery('INSERT INTO `ag...')
#3 C:\xampp\htdocs\proyecto_gerber_federico\system\Database\BaseBuilder.php(2345): CodeIgniter\Database\BaseConnection->query('INSERT INTO `ag...', Array, false)
#4 C:\xampp\htdocs\proyecto_gerber_federico\system\Model.php(394): CodeIgniter\Database\BaseBuilder->insert()
#5 C:\xampp\htdocs\proyecto_gerber_federico\system\BaseModel.php(839): CodeIgniter\Model->doInsert(Array)
#6 C:\xampp\htdocs\proyecto_gerber_federico\system\Model.php(800): CodeIgniter\BaseModel->insert(Array, true)
#7 C:\xampp\htdocs\proyecto_gerber_federico\app\Controllers\Agendar.php(25): CodeIgniter\Model->insert(Array)
#8 C:\xampp\htdocs\proyecto_gerber_federico\system\CodeIgniter.php(933): App\Controllers\Agendar->guardar()
#9 C:\xampp\htdocs\proyecto_gerber_federico\system\CodeIgniter.php(507): CodeIgniter\CodeIgniter->runController(Object(App\Controllers\Agendar))
#10 C:\xampp\htdocs\proyecto_gerber_federico\system\CodeIgniter.php(354): CodeIgniter\CodeIgniter->handleRequest(NULL, Object(Config\Cache), false)
#11 C:\xampp\htdocs\proyecto_gerber_federico\system\Boot.php(334): CodeIgniter\CodeIgniter->run()
#12 C:\xampp\htdocs\proyecto_gerber_federico\system\Boot.php(67): CodeIgniter\Boot::runCodeIgniter(Object(CodeIgniter\CodeIgniter))
#13 C:\xampp\htdocs\proyecto_gerber_federico\index.php(56): CodeIgniter\Boot::bootWeb(Object(Config\Paths))
#14 {main}
CRITICAL - 2025-05-27 00:55:46 --> CodeIgniter\Database\Exceptions\DatabaseException: Table 'bd_gerber_federico.agenda_servicios' doesn't exist
[Method: POST, Route: agendar/guardar]
in SYSTEMPATH\Database\BaseConnection.php on line 692.
 1 SYSTEMPATH\Database\BaseBuilder.php(2345): CodeIgniter\Database\BaseConnection->query('INSERT INTO `agenda_servicios` (`nombre`, `apellido`, `email`, `servicio`, `comentario`, `fecha`, `fecha_registro`) VALUES (:nombre:, :apellido:, :email:, :servicio:, :comentario:, :fecha:, :fecha_registro:)', [...], false)
 2 SYSTEMPATH\Model.php(394): CodeIgniter\Database\BaseBuilder->insert()
 3 SYSTEMPATH\BaseModel.php(839): CodeIgniter\Model->doInsert([...])
 4 SYSTEMPATH\Model.php(800): CodeIgniter\BaseModel->insert([...], true)
 5 APPPATH\Controllers\Agendar.php(25): CodeIgniter\Model->insert([...])
 6 SYSTEMPATH\CodeIgniter.php(933): App\Controllers\Agendar->guardar()
 7 SYSTEMPATH\CodeIgniter.php(507): CodeIgniter\CodeIgniter->runController(Object(App\Controllers\Agendar))
 8 SYSTEMPATH\CodeIgniter.php(354): CodeIgniter\CodeIgniter->handleRequest(null, Object(Config\Cache), false)
 9 SYSTEMPATH\Boot.php(334): CodeIgniter\CodeIgniter->run()
10 SYSTEMPATH\Boot.php(67): CodeIgniter\Boot::runCodeIgniter(Object(CodeIgniter\CodeIgniter))
11 FCPATH\index.php(56): CodeIgniter\Boot::bootWeb(Object(Config\Paths))
CRITICAL - 2025-05-27 00:55:46 --> [Caused by] CodeIgniter\Database\Exceptions\DatabaseException: Table 'bd_gerber_federico.agenda_servicios' doesn't exist
in SYSTEMPATH\Database\MySQLi\Connection.php on line 332.
 1 SYSTEMPATH\Database\BaseConnection.php(738): CodeIgniter\Database\MySQLi\Connection->execute('INSERT INTO `agenda_servicios` (`nombre`, `apellido`, `email`, `servicio`, `comentario`, `fecha`, `fecha_registro`) VALUES (\'pipo\', \'pipon\', \'pipo@gmail.com\', \'Mantenimiento\', \'ñeñeñeñe\', \'2025-05-28\', \'2025-05-27 00:55:46\')')
 2 SYSTEMPATH\Database\BaseConnection.php(652): CodeIgniter\Database\BaseConnection->simpleQuery('INSERT INTO `agenda_servicios` (`nombre`, `apellido`, `email`, `servicio`, `comentario`, `fecha`, `fecha_registro`) VALUES (\'pipo\', \'pipon\', \'pipo@gmail.com\', \'Mantenimiento\', \'ñeñeñeñe\', \'2025-05-28\', \'2025-05-27 00:55:46\')')
 3 SYSTEMPATH\Database\BaseBuilder.php(2345): CodeIgniter\Database\BaseConnection->query('INSERT INTO `agenda_servicios` (`nombre`, `apellido`, `email`, `servicio`, `comentario`, `fecha`, `fecha_registro`) VALUES (:nombre:, :apellido:, :email:, :servicio:, :comentario:, :fecha:, :fecha_registro:)', [...], false)
 4 SYSTEMPATH\Model.php(394): CodeIgniter\Database\BaseBuilder->insert()
 5 SYSTEMPATH\BaseModel.php(839): CodeIgniter\Model->doInsert([...])
 6 SYSTEMPATH\Model.php(800): CodeIgniter\BaseModel->insert([...], true)
 7 APPPATH\Controllers\Agendar.php(25): CodeIgniter\Model->insert([...])
 8 SYSTEMPATH\CodeIgniter.php(933): App\Controllers\Agendar->guardar()
 9 SYSTEMPATH\CodeIgniter.php(507): CodeIgniter\CodeIgniter->runController(Object(App\Controllers\Agendar))
10 SYSTEMPATH\CodeIgniter.php(354): CodeIgniter\CodeIgniter->handleRequest(null, Object(Config\Cache), false)
11 SYSTEMPATH\Boot.php(334): CodeIgniter\CodeIgniter->run()
12 SYSTEMPATH\Boot.php(67): CodeIgniter\Boot::runCodeIgniter(Object(CodeIgniter\CodeIgniter))
13 FCPATH\index.php(56): CodeIgniter\Boot::bootWeb(Object(Config\Paths))
CRITICAL - 2025-05-27 00:55:46 --> [Caused by] mysqli_sql_exception: Table 'bd_gerber_federico.agenda_servicios' doesn't exist
in SYSTEMPATH\Database\MySQLi\Connection.php on line 327.
 1 SYSTEMPATH\Database\MySQLi\Connection.php(327): mysqli->query('INSERT INTO `agenda_servicios` (`nombre`, `apellido`, `email`, `servicio`, `comentario`, `fecha`, `fecha_registro`) VALUES (\'pipo\', \'pipon\', \'pipo@gmail.com\', \'Mantenimiento\', \'ñeñeñeñe\', \'2025-05-28\', \'2025-05-27 00:55:46\')', 0)
 2 SYSTEMPATH\Database\BaseConnection.php(738): CodeIgniter\Database\MySQLi\Connection->execute('INSERT INTO `agenda_servicios` (`nombre`, `apellido`, `email`, `servicio`, `comentario`, `fecha`, `fecha_registro`) VALUES (\'pipo\', \'pipon\', \'pipo@gmail.com\', \'Mantenimiento\', \'ñeñeñeñe\', \'2025-05-28\', \'2025-05-27 00:55:46\')')
 3 SYSTEMPATH\Database\BaseConnection.php(652): CodeIgniter\Database\BaseConnection->simpleQuery('INSERT INTO `agenda_servicios` (`nombre`, `apellido`, `email`, `servicio`, `comentario`, `fecha`, `fecha_registro`) VALUES (\'pipo\', \'pipon\', \'pipo@gmail.com\', \'Mantenimiento\', \'ñeñeñeñe\', \'2025-05-28\', \'2025-05-27 00:55:46\')')
 4 SYSTEMPATH\Database\BaseBuilder.php(2345): CodeIgniter\Database\BaseConnection->query('INSERT INTO `agenda_servicios` (`nombre`, `apellido`, `email`, `servicio`, `comentario`, `fecha`, `fecha_registro`) VALUES (:nombre:, :apellido:, :email:, :servicio:, :comentario:, :fecha:, :fecha_registro:)', [...], false)
 5 SYSTEMPATH\Model.php(394): CodeIgniter\Database\BaseBuilder->insert()
 6 SYSTEMPATH\BaseModel.php(839): CodeIgniter\Model->doInsert([...])
 7 SYSTEMPATH\Model.php(800): CodeIgniter\BaseModel->insert([...], true)
 8 APPPATH\Controllers\Agendar.php(25): CodeIgniter\Model->insert([...])
 9 SYSTEMPATH\CodeIgniter.php(933): App\Controllers\Agendar->guardar()
10 SYSTEMPATH\CodeIgniter.php(507): CodeIgniter\CodeIgniter->runController(Object(App\Controllers\Agendar))
11 SYSTEMPATH\CodeIgniter.php(354): CodeIgniter\CodeIgniter->handleRequest(null, Object(Config\Cache), false)
12 SYSTEMPATH\Boot.php(334): CodeIgniter\CodeIgniter->run()
13 SYSTEMPATH\Boot.php(67): CodeIgniter\Boot::runCodeIgniter(Object(CodeIgniter\CodeIgniter))
14 FCPATH\index.php(56): CodeIgniter\Boot::bootWeb(Object(Config\Paths))
ERROR - 2025-05-27 01:01:12 --> mysqli_sql_exception: Table 'bd_gerber_federico.agenda_servicios' doesn't exist in C:\xampp\htdocs\proyecto_gerber_federico\system\Database\MySQLi\Connection.php:327
Stack trace:
#0 C:\xampp\htdocs\proyecto_gerber_federico\system\Database\MySQLi\Connection.php(327): mysqli->query('INSERT INTO `ag...', 0)
#1 C:\xampp\htdocs\proyecto_gerber_federico\system\Database\BaseConnection.php(738): CodeIgniter\Database\MySQLi\Connection->execute('INSERT INTO `ag...')
#2 C:\xampp\htdocs\proyecto_gerber_federico\system\Database\BaseConnection.php(652): CodeIgniter\Database\BaseConnection->simpleQuery('INSERT INTO `ag...')
#3 C:\xampp\htdocs\proyecto_gerber_federico\system\Database\BaseBuilder.php(2345): CodeIgniter\Database\BaseConnection->query('INSERT INTO `ag...', Array, false)
#4 C:\xampp\htdocs\proyecto_gerber_federico\system\Model.php(394): CodeIgniter\Database\BaseBuilder->insert()
#5 C:\xampp\htdocs\proyecto_gerber_federico\system\BaseModel.php(839): CodeIgniter\Model->doInsert(Array)
#6 C:\xampp\htdocs\proyecto_gerber_federico\system\Model.php(800): CodeIgniter\BaseModel->insert(Array, true)
#7 C:\xampp\htdocs\proyecto_gerber_federico\app\Controllers\Agendar.php(25): CodeIgniter\Model->insert(Array)
#8 C:\xampp\htdocs\proyecto_gerber_federico\system\CodeIgniter.php(933): App\Controllers\Agendar->guardar()
#9 C:\xampp\htdocs\proyecto_gerber_federico\system\CodeIgniter.php(507): CodeIgniter\CodeIgniter->runController(Object(App\Controllers\Agendar))
#10 C:\xampp\htdocs\proyecto_gerber_federico\system\CodeIgniter.php(354): CodeIgniter\CodeIgniter->handleRequest(NULL, Object(Config\Cache), false)
#11 C:\xampp\htdocs\proyecto_gerber_federico\system\Boot.php(334): CodeIgniter\CodeIgniter->run()
#12 C:\xampp\htdocs\proyecto_gerber_federico\system\Boot.php(67): CodeIgniter\Boot::runCodeIgniter(Object(CodeIgniter\CodeIgniter))
#13 C:\xampp\htdocs\proyecto_gerber_federico\index.php(56): CodeIgniter\Boot::bootWeb(Object(Config\Paths))
#14 {main}
CRITICAL - 2025-05-27 01:01:12 --> CodeIgniter\Database\Exceptions\DatabaseException: Table 'bd_gerber_federico.agenda_servicios' doesn't exist
[Method: POST, Route: agendar/guardar]
in SYSTEMPATH\Database\BaseConnection.php on line 692.
 1 SYSTEMPATH\Database\BaseBuilder.php(2345): CodeIgniter\Database\BaseConnection->query('INSERT INTO `agenda_servicios` (`nombre`, `apellido`, `email`, `servicio`, `comentario`, `fecha`, `fecha_registro`) VALUES (:nombre:, :apellido:, :email:, :servicio:, :comentario:, :fecha:, :fecha_registro:)', [...], false)
 2 SYSTEMPATH\Model.php(394): CodeIgniter\Database\BaseBuilder->insert()
 3 SYSTEMPATH\BaseModel.php(839): CodeIgniter\Model->doInsert([...])
 4 SYSTEMPATH\Model.php(800): CodeIgniter\BaseModel->insert([...], true)
 5 APPPATH\Controllers\Agendar.php(25): CodeIgniter\Model->insert([...])
 6 SYSTEMPATH\CodeIgniter.php(933): App\Controllers\Agendar->guardar()
 7 SYSTEMPATH\CodeIgniter.php(507): CodeIgniter\CodeIgniter->runController(Object(App\Controllers\Agendar))
 8 SYSTEMPATH\CodeIgniter.php(354): CodeIgniter\CodeIgniter->handleRequest(null, Object(Config\Cache), false)
 9 SYSTEMPATH\Boot.php(334): CodeIgniter\CodeIgniter->run()
10 SYSTEMPATH\Boot.php(67): CodeIgniter\Boot::runCodeIgniter(Object(CodeIgniter\CodeIgniter))
11 FCPATH\index.php(56): CodeIgniter\Boot::bootWeb(Object(Config\Paths))
CRITICAL - 2025-05-27 01:01:12 --> [Caused by] CodeIgniter\Database\Exceptions\DatabaseException: Table 'bd_gerber_federico.agenda_servicios' doesn't exist
in SYSTEMPATH\Database\MySQLi\Connection.php on line 332.
 1 SYSTEMPATH\Database\BaseConnection.php(738): CodeIgniter\Database\MySQLi\Connection->execute('INSERT INTO `agenda_servicios` (`nombre`, `apellido`, `email`, `servicio`, `comentario`, `fecha`, `fecha_registro`) VALUES (\'pipo\', \'pipon\', \'pipo@gmail.com\', \'Mantenimiento\', \'ñeñeñeñe\', \'2025-05-28\', \'2025-05-27 01:01:12\')')
 2 SYSTEMPATH\Database\BaseConnection.php(652): CodeIgniter\Database\BaseConnection->simpleQuery('INSERT INTO `agenda_servicios` (`nombre`, `apellido`, `email`, `servicio`, `comentario`, `fecha`, `fecha_registro`) VALUES (\'pipo\', \'pipon\', \'pipo@gmail.com\', \'Mantenimiento\', \'ñeñeñeñe\', \'2025-05-28\', \'2025-05-27 01:01:12\')')
 3 SYSTEMPATH\Database\BaseBuilder.php(2345): CodeIgniter\Database\BaseConnection->query('INSERT INTO `agenda_servicios` (`nombre`, `apellido`, `email`, `servicio`, `comentario`, `fecha`, `fecha_registro`) VALUES (:nombre:, :apellido:, :email:, :servicio:, :comentario:, :fecha:, :fecha_registro:)', [...], false)
 4 SYSTEMPATH\Model.php(394): CodeIgniter\Database\BaseBuilder->insert()
 5 SYSTEMPATH\BaseModel.php(839): CodeIgniter\Model->doInsert([...])
 6 SYSTEMPATH\Model.php(800): CodeIgniter\BaseModel->insert([...], true)
 7 APPPATH\Controllers\Agendar.php(25): CodeIgniter\Model->insert([...])
 8 SYSTEMPATH\CodeIgniter.php(933): App\Controllers\Agendar->guardar()
 9 SYSTEMPATH\CodeIgniter.php(507): CodeIgniter\CodeIgniter->runController(Object(App\Controllers\Agendar))
10 SYSTEMPATH\CodeIgniter.php(354): CodeIgniter\CodeIgniter->handleRequest(null, Object(Config\Cache), false)
11 SYSTEMPATH\Boot.php(334): CodeIgniter\CodeIgniter->run()
12 SYSTEMPATH\Boot.php(67): CodeIgniter\Boot::runCodeIgniter(Object(CodeIgniter\CodeIgniter))
13 FCPATH\index.php(56): CodeIgniter\Boot::bootWeb(Object(Config\Paths))
CRITICAL - 2025-05-27 01:01:12 --> [Caused by] mysqli_sql_exception: Table 'bd_gerber_federico.agenda_servicios' doesn't exist
in SYSTEMPATH\Database\MySQLi\Connection.php on line 327.
 1 SYSTEMPATH\Database\MySQLi\Connection.php(327): mysqli->query('INSERT INTO `agenda_servicios` (`nombre`, `apellido`, `email`, `servicio`, `comentario`, `fecha`, `fecha_registro`) VALUES (\'pipo\', \'pipon\', \'pipo@gmail.com\', \'Mantenimiento\', \'ñeñeñeñe\', \'2025-05-28\', \'2025-05-27 01:01:12\')', 0)
 2 SYSTEMPATH\Database\BaseConnection.php(738): CodeIgniter\Database\MySQLi\Connection->execute('INSERT INTO `agenda_servicios` (`nombre`, `apellido`, `email`, `servicio`, `comentario`, `fecha`, `fecha_registro`) VALUES (\'pipo\', \'pipon\', \'pipo@gmail.com\', \'Mantenimiento\', \'ñeñeñeñe\', \'2025-05-28\', \'2025-05-27 01:01:12\')')
 3 SYSTEMPATH\Database\BaseConnection.php(652): CodeIgniter\Database\BaseConnection->simpleQuery('INSERT INTO `agenda_servicios` (`nombre`, `apellido`, `email`, `servicio`, `comentario`, `fecha`, `fecha_registro`) VALUES (\'pipo\', \'pipon\', \'pipo@gmail.com\', \'Mantenimiento\', \'ñeñeñeñe\', \'2025-05-28\', \'2025-05-27 01:01:12\')')
 4 SYSTEMPATH\Database\BaseBuilder.php(2345): CodeIgniter\Database\BaseConnection->query('INSERT INTO `agenda_servicios` (`nombre`, `apellido`, `email`, `servicio`, `comentario`, `fecha`, `fecha_registro`) VALUES (:nombre:, :apellido:, :email:, :servicio:, :comentario:, :fecha:, :fecha_registro:)', [...], false)
 5 SYSTEMPATH\Model.php(394): CodeIgniter\Database\BaseBuilder->insert()
 6 SYSTEMPATH\BaseModel.php(839): CodeIgniter\Model->doInsert([...])
 7 SYSTEMPATH\Model.php(800): CodeIgniter\BaseModel->insert([...], true)
 8 APPPATH\Controllers\Agendar.php(25): CodeIgniter\Model->insert([...])
 9 SYSTEMPATH\CodeIgniter.php(933): App\Controllers\Agendar->guardar()
10 SYSTEMPATH\CodeIgniter.php(507): CodeIgniter\CodeIgniter->runController(Object(App\Controllers\Agendar))
11 SYSTEMPATH\CodeIgniter.php(354): CodeIgniter\CodeIgniter->handleRequest(null, Object(Config\Cache), false)
12 SYSTEMPATH\Boot.php(334): CodeIgniter\CodeIgniter->run()
13 SYSTEMPATH\Boot.php(67): CodeIgniter\Boot::runCodeIgniter(Object(CodeIgniter\CodeIgniter))
14 FCPATH\index.php(56): CodeIgniter\Boot::bootWeb(Object(Config\Paths))
DEBUG - 2025-05-27 01:20:11 --> Session: Class initialized using 'CodeIgniter\Session\Handlers\FileHandler' driver.
DEBUG - 2025-05-27 01:20:26 --> Session: Class initialized using 'CodeIgniter\Session\Handlers\FileHandler' driver.
DEBUG - 2025-05-27 01:21:41 --> Entrando al método guardar()
DEBUG - 2025-05-27 01:21:41 --> Datos recibidos: Array
(
    [nombre] => pipo
    [apellido] => pipon
    [email] => pipo@gmail.com
    [servicio] => Servicio de Neumáticos
    [comentario] => lcfonff
    [fecha] => 2025-05-29
    [fecha_registro] => 2025-05-27 01:21:41
)

