CRITICAL - 2025-04-19 22:34:55 --> ErrorException: include(header.php): Failed to open stream: No such file or directory
[Method: GET, Route: /]
in APPPATH\Views\plantilla.php on line 20.
 1 APPPATH\Views\plantilla.php(20): CodeIgniter\Debug\Exceptions->errorHandler(2, 'include(header.php): Failed to open stream: No such file or directory', 'C:\\xampp\\htdocs\\proyecto_gerber_federico\\app\\Views\\plantilla.php', 20)
 2 APPPATH\Views\plantilla.php(20): include()
 3 SYSTEMPATH\View\View.php(224): include('C:\\xampp\\htdocs\\proyecto_gerber_federico\\app\\Views\\plantilla.php')
 4 SYSTEMPATH\View\View.php(227): CodeIgniter\View\View->CodeIgniter\View\{closure}()
 5 SYSTEMPATH\Common.php(1173): CodeIgniter\View\View->render('plantilla.php', [], true)
 6 APPPATH\Controllers\Home.php(11): view('plantilla.php')
 7 SYSTEMPATH\CodeIgniter.php(933): App\Controllers\Home->index()
 8 SYSTEMPATH\CodeIgniter.php(507): CodeIgniter\CodeIgniter->runController(Object(App\Controllers\Home))
 9 SYSTEMPATH\CodeIgniter.php(354): CodeIgniter\CodeIgniter->handleRequest(null, Object(Config\Cache), false)
10 SYSTEMPATH\Boot.php(334): CodeIgniter\CodeIgniter->run()
11 SYSTEMPATH\Boot.php(67): CodeIgniter\Boot::runCodeIgniter(Object(CodeIgniter\CodeIgniter))
12 FCPATH\index.php(56): CodeIgniter\Boot::bootWeb(Object(Config\Paths))
CRITICAL - 2025-04-19 22:37:06 --> ErrorException: include(header.php): Failed to open stream: No such file or directory
[Method: GET, Route: /]
in APPPATH\Views\plantilla.php on line 20.
 1 APPPATH\Views\plantilla.php(20): CodeIgniter\Debug\Exceptions->errorHandler(2, 'include(header.php): Failed to open stream: No such file or directory', 'C:\\xampp\\htdocs\\proyecto_gerber_federico\\app\\Views\\plantilla.php', 20)
 2 APPPATH\Views\plantilla.php(20): include()
 3 SYSTEMPATH\View\View.php(224): include('C:\\xampp\\htdocs\\proyecto_gerber_federico\\app\\Views\\plantilla.php')
 4 SYSTEMPATH\View\View.php(227): CodeIgniter\View\View->CodeIgniter\View\{closure}()
 5 SYSTEMPATH\Common.php(1173): CodeIgniter\View\View->render('plantilla.php', [], true)
 6 APPPATH\Controllers\Home.php(11): view('plantilla.php')
 7 SYSTEMPATH\CodeIgniter.php(933): App\Controllers\Home->index()
 8 SYSTEMPATH\CodeIgniter.php(507): CodeIgniter\CodeIgniter->runController(Object(App\Controllers\Home))
 9 SYSTEMPATH\CodeIgniter.php(354): CodeIgniter\CodeIgniter->handleRequest(null, Object(Config\Cache), false)
10 SYSTEMPATH\Boot.php(334): CodeIgniter\CodeIgniter->run()
11 SYSTEMPATH\Boot.php(67): CodeIgniter\Boot::runCodeIgniter(Object(CodeIgniter\CodeIgniter))
12 FCPATH\index.php(56): CodeIgniter\Boot::bootWeb(Object(Config\Paths))
CRITICAL - 2025-04-19 22:37:08 --> ErrorException: include(header.php): Failed to open stream: No such file or directory
[Method: GET, Route: /]
in APPPATH\Views\plantilla.php on line 20.
 1 APPPATH\Views\plantilla.php(20): CodeIgniter\Debug\Exceptions->errorHandler(2, 'include(header.php): Failed to open stream: No such file or directory', 'C:\\xampp\\htdocs\\proyecto_gerber_federico\\app\\Views\\plantilla.php', 20)
 2 APPPATH\Views\plantilla.php(20): include()
 3 SYSTEMPATH\View\View.php(224): include('C:\\xampp\\htdocs\\proyecto_gerber_federico\\app\\Views\\plantilla.php')
 4 SYSTEMPATH\View\View.php(227): CodeIgniter\View\View->CodeIgniter\View\{closure}()
 5 SYSTEMPATH\Common.php(1173): CodeIgniter\View\View->render('plantilla.php', [], true)
 6 APPPATH\Controllers\Home.php(11): view('plantilla.php')
 7 SYSTEMPATH\CodeIgniter.php(933): App\Controllers\Home->index()
 8 SYSTEMPATH\CodeIgniter.php(507): CodeIgniter\CodeIgniter->runController(Object(App\Controllers\Home))
 9 SYSTEMPATH\CodeIgniter.php(354): CodeIgniter\CodeIgniter->handleRequest(null, Object(Config\Cache), false)
10 SYSTEMPATH\Boot.php(334): CodeIgniter\CodeIgniter->run()
11 SYSTEMPATH\Boot.php(67): CodeIgniter\Boot::runCodeIgniter(Object(CodeIgniter\CodeIgniter))
12 FCPATH\index.php(56): CodeIgniter\Boot::bootWeb(Object(Config\Paths))
CRITICAL - 2025-04-19 22:38:59 --> CodeIgniter\View\Exceptions\ViewException: Invalid file: "header.php"
[Method: GET, Route: /]
in SYSTEMPATH\Exceptions\FrameworkException.php on line 39.
 1 SYSTEMPATH\View\View.php(212): CodeIgniter\Exceptions\FrameworkException::forInvalidFile('header.php')
 2 SYSTEMPATH\Common.php(1173): CodeIgniter\View\View->render('header', [], true)
 3 APPPATH\Views\plantilla.php(20): view('header')
 4 SYSTEMPATH\View\View.php(224): include('C:\\xampp\\htdocs\\proyecto_gerber_federico\\app\\Views\\plantilla.php')
 5 SYSTEMPATH\View\View.php(227): CodeIgniter\View\View->CodeIgniter\View\{closure}()
 6 SYSTEMPATH\Common.php(1173): CodeIgniter\View\View->render('plantilla.php', [], true)
 7 APPPATH\Controllers\Home.php(11): view('plantilla.php')
 8 SYSTEMPATH\CodeIgniter.php(933): App\Controllers\Home->index()
 9 SYSTEMPATH\CodeIgniter.php(507): CodeIgniter\CodeIgniter->runController(Object(App\Controllers\Home))
10 SYSTEMPATH\CodeIgniter.php(354): CodeIgniter\CodeIgniter->handleRequest(null, Object(Config\Cache), false)
11 SYSTEMPATH\Boot.php(334): CodeIgniter\CodeIgniter->run()
12 SYSTEMPATH\Boot.php(67): CodeIgniter\Boot::runCodeIgniter(Object(CodeIgniter\CodeIgniter))
13 FCPATH\index.php(56): CodeIgniter\Boot::bootWeb(Object(Config\Paths))
CRITICAL - 2025-04-19 22:39:00 --> CodeIgniter\View\Exceptions\ViewException: Invalid file: "header.php"
[Method: GET, Route: /]
in SYSTEMPATH\Exceptions\FrameworkException.php on line 39.
 1 SYSTEMPATH\View\View.php(212): CodeIgniter\Exceptions\FrameworkException::forInvalidFile('header.php')
 2 SYSTEMPATH\Common.php(1173): CodeIgniter\View\View->render('header', [], true)
 3 APPPATH\Views\plantilla.php(20): view('header')
 4 SYSTEMPATH\View\View.php(224): include('C:\\xampp\\htdocs\\proyecto_gerber_federico\\app\\Views\\plantilla.php')
 5 SYSTEMPATH\View\View.php(227): CodeIgniter\View\View->CodeIgniter\View\{closure}()
 6 SYSTEMPATH\Common.php(1173): CodeIgniter\View\View->render('plantilla.php', [], true)
 7 APPPATH\Controllers\Home.php(11): view('plantilla.php')
 8 SYSTEMPATH\CodeIgniter.php(933): App\Controllers\Home->index()
 9 SYSTEMPATH\CodeIgniter.php(507): CodeIgniter\CodeIgniter->runController(Object(App\Controllers\Home))
10 SYSTEMPATH\CodeIgniter.php(354): CodeIgniter\CodeIgniter->handleRequest(null, Object(Config\Cache), false)
11 SYSTEMPATH\Boot.php(334): CodeIgniter\CodeIgniter->run()
12 SYSTEMPATH\Boot.php(67): CodeIgniter\Boot::runCodeIgniter(Object(CodeIgniter\CodeIgniter))
13 FCPATH\index.php(56): CodeIgniter\Boot::bootWeb(Object(Config\Paths))
CRITICAL - 2025-04-19 22:39:01 --> CodeIgniter\View\Exceptions\ViewException: Invalid file: "header.php"
[Method: GET, Route: /]
in SYSTEMPATH\Exceptions\FrameworkException.php on line 39.
 1 SYSTEMPATH\View\View.php(212): CodeIgniter\Exceptions\FrameworkException::forInvalidFile('header.php')
 2 SYSTEMPATH\Common.php(1173): CodeIgniter\View\View->render('header', [], true)
 3 APPPATH\Views\plantilla.php(20): view('header')
 4 SYSTEMPATH\View\View.php(224): include('C:\\xampp\\htdocs\\proyecto_gerber_federico\\app\\Views\\plantilla.php')
 5 SYSTEMPATH\View\View.php(227): CodeIgniter\View\View->CodeIgniter\View\{closure}()
 6 SYSTEMPATH\Common.php(1173): CodeIgniter\View\View->render('plantilla.php', [], true)
 7 APPPATH\Controllers\Home.php(11): view('plantilla.php')
 8 SYSTEMPATH\CodeIgniter.php(933): App\Controllers\Home->index()
 9 SYSTEMPATH\CodeIgniter.php(507): CodeIgniter\CodeIgniter->runController(Object(App\Controllers\Home))
10 SYSTEMPATH\CodeIgniter.php(354): CodeIgniter\CodeIgniter->handleRequest(null, Object(Config\Cache), false)
11 SYSTEMPATH\Boot.php(334): CodeIgniter\CodeIgniter->run()
12 SYSTEMPATH\Boot.php(67): CodeIgniter\Boot::runCodeIgniter(Object(CodeIgniter\CodeIgniter))
13 FCPATH\index.php(56): CodeIgniter\Boot::bootWeb(Object(Config\Paths))
CRITICAL - 2025-04-19 22:58:46 --> ErrorException: include(header.php): Failed to open stream: No such file or directory
[Method: GET, Route: /]
in APPPATH\Views\plantilla.php on line 21.
 1 APPPATH\Views\plantilla.php(21): CodeIgniter\Debug\Exceptions->errorHandler(2, 'include(header.php): Failed to open stream: No such file or directory', 'C:\\xampp\\htdocs\\proyecto_gerber_federico\\app\\Views\\plantilla.php', 21)
 2 APPPATH\Views\plantilla.php(21): include()
 3 SYSTEMPATH\View\View.php(224): include('C:\\xampp\\htdocs\\proyecto_gerber_federico\\app\\Views\\plantilla.php')
 4 SYSTEMPATH\View\View.php(227): CodeIgniter\View\View->CodeIgniter\View\{closure}()
 5 SYSTEMPATH\Common.php(1173): CodeIgniter\View\View->render('plantilla.php', [], true)
 6 APPPATH\Controllers\Home.php(11): view('plantilla.php')
 7 SYSTEMPATH\CodeIgniter.php(933): App\Controllers\Home->index()
 8 SYSTEMPATH\CodeIgniter.php(507): CodeIgniter\CodeIgniter->runController(Object(App\Controllers\Home))
 9 SYSTEMPATH\CodeIgniter.php(354): CodeIgniter\CodeIgniter->handleRequest(null, Object(Config\Cache), false)
10 SYSTEMPATH\Boot.php(334): CodeIgniter\CodeIgniter->run()
11 SYSTEMPATH\Boot.php(67): CodeIgniter\Boot::runCodeIgniter(Object(CodeIgniter\CodeIgniter))
12 FCPATH\index.php(56): CodeIgniter\Boot::bootWeb(Object(Config\Paths))
CRITICAL - 2025-04-19 22:58:50 --> ErrorException: include(header.php): Failed to open stream: No such file or directory
[Method: GET, Route: /]
in APPPATH\Views\plantilla.php on line 21.
 1 APPPATH\Views\plantilla.php(21): CodeIgniter\Debug\Exceptions->errorHandler(2, 'include(header.php): Failed to open stream: No such file or directory', 'C:\\xampp\\htdocs\\proyecto_gerber_federico\\app\\Views\\plantilla.php', 21)
 2 APPPATH\Views\plantilla.php(21): include()
 3 SYSTEMPATH\View\View.php(224): include('C:\\xampp\\htdocs\\proyecto_gerber_federico\\app\\Views\\plantilla.php')
 4 SYSTEMPATH\View\View.php(227): CodeIgniter\View\View->CodeIgniter\View\{closure}()
 5 SYSTEMPATH\Common.php(1173): CodeIgniter\View\View->render('plantilla.php', [], true)
 6 APPPATH\Controllers\Home.php(11): view('plantilla.php')
 7 SYSTEMPATH\CodeIgniter.php(933): App\Controllers\Home->index()
 8 SYSTEMPATH\CodeIgniter.php(507): CodeIgniter\CodeIgniter->runController(Object(App\Controllers\Home))
 9 SYSTEMPATH\CodeIgniter.php(354): CodeIgniter\CodeIgniter->handleRequest(null, Object(Config\Cache), false)
10 SYSTEMPATH\Boot.php(334): CodeIgniter\CodeIgniter->run()
11 SYSTEMPATH\Boot.php(67): CodeIgniter\Boot::runCodeIgniter(Object(CodeIgniter\CodeIgniter))
12 FCPATH\index.php(56): CodeIgniter\Boot::bootWeb(Object(Config\Paths))
CRITICAL - 2025-04-19 23:08:49 --> ErrorException: Undefined variable $subpestanas
[Method: GET, Route: /]
in APPPATH\Views\partials\header.php on line 17.
 1 APPPATH\Views\partials\header.php(17): CodeIgniter\Debug\Exceptions->errorHandler(2, 'Undefined variable $subpestanas', 'C:\\xampp\\htdocs\\proyecto_gerber_federico\\app\\Views\\partials\\header.php', 17)
 2 APPPATH\Views\plantilla.php(20): include('C:\\xampp\\htdocs\\proyecto_gerber_federico\\app\\Views\\partials\\header.php')
 3 SYSTEMPATH\View\View.php(224): include('C:\\xampp\\htdocs\\proyecto_gerber_federico\\app\\Views\\plantilla.php')
 4 SYSTEMPATH\View\View.php(227): CodeIgniter\View\View->CodeIgniter\View\{closure}()
 5 SYSTEMPATH\Common.php(1173): CodeIgniter\View\View->render('plantilla.php', [], true)
 6 APPPATH\Controllers\Home.php(22): view('plantilla.php')
 7 SYSTEMPATH\CodeIgniter.php(933): App\Controllers\Home->index()
 8 SYSTEMPATH\CodeIgniter.php(507): CodeIgniter\CodeIgniter->runController(Object(App\Controllers\Home))
 9 SYSTEMPATH\CodeIgniter.php(354): CodeIgniter\CodeIgniter->handleRequest(null, Object(Config\Cache), false)
10 SYSTEMPATH\Boot.php(334): CodeIgniter\CodeIgniter->run()
11 SYSTEMPATH\Boot.php(67): CodeIgniter\Boot::runCodeIgniter(Object(CodeIgniter\CodeIgniter))
12 FCPATH\index.php(56): CodeIgniter\Boot::bootWeb(Object(Config\Paths))
CRITICAL - 2025-04-19 23:08:50 --> ErrorException: Undefined variable $subpestanas
[Method: GET, Route: /]
in APPPATH\Views\partials\header.php on line 17.
 1 APPPATH\Views\partials\header.php(17): CodeIgniter\Debug\Exceptions->errorHandler(2, 'Undefined variable $subpestanas', 'C:\\xampp\\htdocs\\proyecto_gerber_federico\\app\\Views\\partials\\header.php', 17)
 2 APPPATH\Views\plantilla.php(20): include('C:\\xampp\\htdocs\\proyecto_gerber_federico\\app\\Views\\partials\\header.php')
 3 SYSTEMPATH\View\View.php(224): include('C:\\xampp\\htdocs\\proyecto_gerber_federico\\app\\Views\\plantilla.php')
 4 SYSTEMPATH\View\View.php(227): CodeIgniter\View\View->CodeIgniter\View\{closure}()
 5 SYSTEMPATH\Common.php(1173): CodeIgniter\View\View->render('plantilla.php', [], true)
 6 APPPATH\Controllers\Home.php(22): view('plantilla.php')
 7 SYSTEMPATH\CodeIgniter.php(933): App\Controllers\Home->index()
 8 SYSTEMPATH\CodeIgniter.php(507): CodeIgniter\CodeIgniter->runController(Object(App\Controllers\Home))
 9 SYSTEMPATH\CodeIgniter.php(354): CodeIgniter\CodeIgniter->handleRequest(null, Object(Config\Cache), false)
10 SYSTEMPATH\Boot.php(334): CodeIgniter\CodeIgniter->run()
11 SYSTEMPATH\Boot.php(67): CodeIgniter\Boot::runCodeIgniter(Object(CodeIgniter\CodeIgniter))
12 FCPATH\index.php(56): CodeIgniter\Boot::bootWeb(Object(Config\Paths))
CRITICAL - 2025-04-19 23:11:11 --> ErrorException: Undefined variable $subpestanas
[Method: GET, Route: /]
in APPPATH\Views\partials\header.php on line 17.
 1 APPPATH\Views\partials\header.php(17): CodeIgniter\Debug\Exceptions->errorHandler(2, 'Undefined variable $subpestanas', 'C:\\xampp\\htdocs\\proyecto_gerber_federico\\app\\Views\\partials\\header.php', 17)
 2 APPPATH\Views\plantilla.php(20): include('C:\\xampp\\htdocs\\proyecto_gerber_federico\\app\\Views\\partials\\header.php')
 3 SYSTEMPATH\View\View.php(224): include('C:\\xampp\\htdocs\\proyecto_gerber_federico\\app\\Views\\plantilla.php')
 4 SYSTEMPATH\View\View.php(227): CodeIgniter\View\View->CodeIgniter\View\{closure}()
 5 SYSTEMPATH\Common.php(1173): CodeIgniter\View\View->render('plantilla.php', [], true)
 6 APPPATH\Controllers\Home.php(22): view('plantilla.php')
 7 SYSTEMPATH\CodeIgniter.php(933): App\Controllers\Home->index()
 8 SYSTEMPATH\CodeIgniter.php(507): CodeIgniter\CodeIgniter->runController(Object(App\Controllers\Home))
 9 SYSTEMPATH\CodeIgniter.php(354): CodeIgniter\CodeIgniter->handleRequest(null, Object(Config\Cache), false)
10 SYSTEMPATH\Boot.php(334): CodeIgniter\CodeIgniter->run()
11 SYSTEMPATH\Boot.php(67): CodeIgniter\Boot::runCodeIgniter(Object(CodeIgniter\CodeIgniter))
12 FCPATH\index.php(56): CodeIgniter\Boot::bootWeb(Object(Config\Paths))
CRITICAL - 2025-04-19 23:11:12 --> ErrorException: Undefined variable $subpestanas
[Method: GET, Route: /]
in APPPATH\Views\partials\header.php on line 17.
 1 APPPATH\Views\partials\header.php(17): CodeIgniter\Debug\Exceptions->errorHandler(2, 'Undefined variable $subpestanas', 'C:\\xampp\\htdocs\\proyecto_gerber_federico\\app\\Views\\partials\\header.php', 17)
 2 APPPATH\Views\plantilla.php(20): include('C:\\xampp\\htdocs\\proyecto_gerber_federico\\app\\Views\\partials\\header.php')
 3 SYSTEMPATH\View\View.php(224): include('C:\\xampp\\htdocs\\proyecto_gerber_federico\\app\\Views\\plantilla.php')
 4 SYSTEMPATH\View\View.php(227): CodeIgniter\View\View->CodeIgniter\View\{closure}()
 5 SYSTEMPATH\Common.php(1173): CodeIgniter\View\View->render('plantilla.php', [], true)
 6 APPPATH\Controllers\Home.php(22): view('plantilla.php')
 7 SYSTEMPATH\CodeIgniter.php(933): App\Controllers\Home->index()
 8 SYSTEMPATH\CodeIgniter.php(507): CodeIgniter\CodeIgniter->runController(Object(App\Controllers\Home))
 9 SYSTEMPATH\CodeIgniter.php(354): CodeIgniter\CodeIgniter->handleRequest(null, Object(Config\Cache), false)
10 SYSTEMPATH\Boot.php(334): CodeIgniter\CodeIgniter->run()
11 SYSTEMPATH\Boot.php(67): CodeIgniter\Boot::runCodeIgniter(Object(CodeIgniter\CodeIgniter))
12 FCPATH\index.php(56): CodeIgniter\Boot::bootWeb(Object(Config\Paths))
CRITICAL - 2025-04-19 23:11:20 --> ErrorException: Undefined variable $subpestanas
[Method: GET, Route: /]
in APPPATH\Views\partials\header.php on line 17.
 1 APPPATH\Views\partials\header.php(17): CodeIgniter\Debug\Exceptions->errorHandler(2, 'Undefined variable $subpestanas', 'C:\\xampp\\htdocs\\proyecto_gerber_federico\\app\\Views\\partials\\header.php', 17)
 2 APPPATH\Views\plantilla.php(20): include('C:\\xampp\\htdocs\\proyecto_gerber_federico\\app\\Views\\partials\\header.php')
 3 SYSTEMPATH\View\View.php(224): include('C:\\xampp\\htdocs\\proyecto_gerber_federico\\app\\Views\\plantilla.php')
 4 SYSTEMPATH\View\View.php(227): CodeIgniter\View\View->CodeIgniter\View\{closure}()
 5 SYSTEMPATH\Common.php(1173): CodeIgniter\View\View->render('plantilla.php', [], true)
 6 APPPATH\Controllers\Home.php(22): view('plantilla.php')
 7 SYSTEMPATH\CodeIgniter.php(933): App\Controllers\Home->index()
 8 SYSTEMPATH\CodeIgniter.php(507): CodeIgniter\CodeIgniter->runController(Object(App\Controllers\Home))
 9 SYSTEMPATH\CodeIgniter.php(354): CodeIgniter\CodeIgniter->handleRequest(null, Object(Config\Cache), false)
10 SYSTEMPATH\Boot.php(334): CodeIgniter\CodeIgniter->run()
11 SYSTEMPATH\Boot.php(67): CodeIgniter\Boot::runCodeIgniter(Object(CodeIgniter\CodeIgniter))
12 FCPATH\index.php(56): CodeIgniter\Boot::bootWeb(Object(Config\Paths))
CRITICAL - 2025-04-19 23:11:21 --> ErrorException: Undefined variable $subpestanas
[Method: GET, Route: /]
in APPPATH\Views\partials\header.php on line 17.
 1 APPPATH\Views\partials\header.php(17): CodeIgniter\Debug\Exceptions->errorHandler(2, 'Undefined variable $subpestanas', 'C:\\xampp\\htdocs\\proyecto_gerber_federico\\app\\Views\\partials\\header.php', 17)
 2 APPPATH\Views\plantilla.php(20): include('C:\\xampp\\htdocs\\proyecto_gerber_federico\\app\\Views\\partials\\header.php')
 3 SYSTEMPATH\View\View.php(224): include('C:\\xampp\\htdocs\\proyecto_gerber_federico\\app\\Views\\plantilla.php')
 4 SYSTEMPATH\View\View.php(227): CodeIgniter\View\View->CodeIgniter\View\{closure}()
 5 SYSTEMPATH\Common.php(1173): CodeIgniter\View\View->render('plantilla.php', [], true)
 6 APPPATH\Controllers\Home.php(22): view('plantilla.php')
 7 SYSTEMPATH\CodeIgniter.php(933): App\Controllers\Home->index()
 8 SYSTEMPATH\CodeIgniter.php(507): CodeIgniter\CodeIgniter->runController(Object(App\Controllers\Home))
 9 SYSTEMPATH\CodeIgniter.php(354): CodeIgniter\CodeIgniter->handleRequest(null, Object(Config\Cache), false)
10 SYSTEMPATH\Boot.php(334): CodeIgniter\CodeIgniter->run()
11 SYSTEMPATH\Boot.php(67): CodeIgniter\Boot::runCodeIgniter(Object(CodeIgniter\CodeIgniter))
12 FCPATH\index.php(56): CodeIgniter\Boot::bootWeb(Object(Config\Paths))
CRITICAL - 2025-04-19 23:11:22 --> ErrorException: Undefined variable $subpestanas
[Method: GET, Route: /]
in APPPATH\Views\partials\header.php on line 17.
 1 APPPATH\Views\partials\header.php(17): CodeIgniter\Debug\Exceptions->errorHandler(2, 'Undefined variable $subpestanas', 'C:\\xampp\\htdocs\\proyecto_gerber_federico\\app\\Views\\partials\\header.php', 17)
 2 APPPATH\Views\plantilla.php(20): include('C:\\xampp\\htdocs\\proyecto_gerber_federico\\app\\Views\\partials\\header.php')
 3 SYSTEMPATH\View\View.php(224): include('C:\\xampp\\htdocs\\proyecto_gerber_federico\\app\\Views\\plantilla.php')
 4 SYSTEMPATH\View\View.php(227): CodeIgniter\View\View->CodeIgniter\View\{closure}()
 5 SYSTEMPATH\Common.php(1173): CodeIgniter\View\View->render('plantilla.php', [], true)
 6 APPPATH\Controllers\Home.php(22): view('plantilla.php')
 7 SYSTEMPATH\CodeIgniter.php(933): App\Controllers\Home->index()
 8 SYSTEMPATH\CodeIgniter.php(507): CodeIgniter\CodeIgniter->runController(Object(App\Controllers\Home))
 9 SYSTEMPATH\CodeIgniter.php(354): CodeIgniter\CodeIgniter->handleRequest(null, Object(Config\Cache), false)
10 SYSTEMPATH\Boot.php(334): CodeIgniter\CodeIgniter->run()
11 SYSTEMPATH\Boot.php(67): CodeIgniter\Boot::runCodeIgniter(Object(CodeIgniter\CodeIgniter))
12 FCPATH\index.php(56): CodeIgniter\Boot::bootWeb(Object(Config\Paths))
