DEBUG - 2025-05-21 18:32:13 --> Session: Class initialized using 'CodeIgniter\Session\Handlers\FileHandler' driver.
DEBUG - 2025-05-21 18:33:28 --> Session: Class initialized using 'CodeIgniter\Session\Handlers\FileHandler' driver.
DEBUG - 2025-05-21 18:33:59 --> Session: Class initialized using 'CodeIgniter\Session\Handlers\FileHandler' driver.
DEBUG - 2025-05-21 18:34:01 --> Session: Class initialized using 'CodeIgniter\Session\Handlers\FileHandler' driver.
CRITICAL - 2025-05-21 18:53:02 --> ErrorException: Undefined array key "usuario"
[Method: GET, Route: usuarios/editar/4]
in APPPATH\Views\back\usuarios\editar_view.php on line 6.
 1 APPPATH\Views\back\usuarios\editar_view.php(6): CodeIgniter\Debug\Exceptions->errorHandler(2, 'Undefined array key "usuario"', 'C:\\xampp\\htdocs\\proyecto_gerber_federico\\app\\Views\\back\\usuarios\\editar_view.php', 6)
 2 SYSTEMPATH\View\View.php(224): include('C:\\xampp\\htdocs\\proyecto_gerber_federico\\app\\Views\\back\\usuarios\\editar_view.php')
 3 SYSTEMPATH\View\View.php(227): CodeIgniter\View\View->CodeIgniter\View\{closure}()
 4 SYSTEMPATH\Common.php(1173): CodeIgniter\View\View->render('back/usuarios/editar_view', [], true)
 5 APPPATH\Controllers\UsuarioController.php(26): view('back/usuarios/editar_view', [...])
 6 SYSTEMPATH\CodeIgniter.php(933): App\Controllers\UsuarioController->editar('4')
 7 SYSTEMPATH\CodeIgniter.php(507): CodeIgniter\CodeIgniter->runController(Object(App\Controllers\UsuarioController))
 8 SYSTEMPATH\CodeIgniter.php(354): CodeIgniter\CodeIgniter->handleRequest(null, Object(Config\Cache), false)
 9 SYSTEMPATH\Boot.php(334): CodeIgniter\CodeIgniter->run()
10 SYSTEMPATH\Boot.php(67): CodeIgniter\Boot::runCodeIgniter(Object(CodeIgniter\CodeIgniter))
11 FCPATH\index.php(56): CodeIgniter\Boot::bootWeb(Object(Config\Paths))
CRITICAL - 2025-05-21 18:53:40 --> ErrorException: Undefined array key "usuario"
[Method: GET, Route: usuarios/editar/6]
in APPPATH\Views\back\usuarios\editar_view.php on line 6.
 1 APPPATH\Views\back\usuarios\editar_view.php(6): CodeIgniter\Debug\Exceptions->errorHandler(2, 'Undefined array key "usuario"', 'C:\\xampp\\htdocs\\proyecto_gerber_federico\\app\\Views\\back\\usuarios\\editar_view.php', 6)
 2 SYSTEMPATH\View\View.php(224): include('C:\\xampp\\htdocs\\proyecto_gerber_federico\\app\\Views\\back\\usuarios\\editar_view.php')
 3 SYSTEMPATH\View\View.php(227): CodeIgniter\View\View->CodeIgniter\View\{closure}()
 4 SYSTEMPATH\Common.php(1173): CodeIgniter\View\View->render('back/usuarios/editar_view', [], true)
 5 APPPATH\Controllers\UsuarioController.php(26): view('back/usuarios/editar_view', [...])
 6 SYSTEMPATH\CodeIgniter.php(933): App\Controllers\UsuarioController->editar('6')
 7 SYSTEMPATH\CodeIgniter.php(507): CodeIgniter\CodeIgniter->runController(Object(App\Controllers\UsuarioController))
 8 SYSTEMPATH\CodeIgniter.php(354): CodeIgniter\CodeIgniter->handleRequest(null, Object(Config\Cache), false)
 9 SYSTEMPATH\Boot.php(334): CodeIgniter\CodeIgniter->run()
10 SYSTEMPATH\Boot.php(67): CodeIgniter\Boot::runCodeIgniter(Object(CodeIgniter\CodeIgniter))
11 FCPATH\index.php(56): CodeIgniter\Boot::bootWeb(Object(Config\Paths))
