CRITICAL - 2025-05-03 00:18:44 --> CodeIgniter\Exceptions\RuntimeException: View themes, no current section.
[Method: GET, Route: empresa/trabaja_con_nosotros]
in SYSTEMPATH\View\View.php on line 430.
 1 APPPATH\Views\empresa\trabaja_con_nosotros.php(220): CodeIgniter\View\View->endSection()
 2 SYSTEMPATH\View\View.php(224): include('C:\\xampp\\htdocs\\proyecto_gerber_federico\\app\\Views\\empresa\\trabaja_con_nosotros.php')
 3 SYSTEMPATH\View\View.php(227): CodeIgniter\View\View->CodeIgniter\View\{closure}()
 4 SYSTEMPATH\Common.php(1173): CodeIgniter\View\View->render('empresa/trabaja_con_nosotros', [], true)
 5 APPPATH\Controllers\Home.php(26): view('empresa/trabaja_con_nosotros', [...])
 6 SYSTEMPATH\CodeIgniter.php(933): App\Controllers\Home->trabaja_con_nosotros()
 7 SYSTEMPATH\CodeIgniter.php(507): CodeIgniter\CodeIgniter->runController(Object(App\Controllers\Home))
 8 SYSTEMPATH\CodeIgniter.php(354): CodeIgniter\CodeIgniter->handleRequest(null, Object(Config\Cache), false)
 9 SYSTEMPATH\Boot.php(334): CodeIgniter\CodeIgniter->run()
10 SYSTEMPATH\Boot.php(67): CodeIgniter\Boot::runCodeIgniter(Object(CodeIgniter\CodeIgniter))
11 FCPATH\index.php(56): CodeIgniter\Boot::bootWeb(Object(Config\Paths))
CRITICAL - 2025-05-03 00:19:41 --> CodeIgniter\Exceptions\RuntimeException: View themes, no current section.
[Method: GET, Route: empresa/trabaja_con_nosotros]
in SYSTEMPATH\View\View.php on line 430.
 1 APPPATH\Views\empresa\trabaja_con_nosotros.php(219): CodeIgniter\View\View->endSection()
 2 SYSTEMPATH\View\View.php(224): include('C:\\xampp\\htdocs\\proyecto_gerber_federico\\app\\Views\\empresa\\trabaja_con_nosotros.php')
 3 SYSTEMPATH\View\View.php(227): CodeIgniter\View\View->CodeIgniter\View\{closure}()
 4 SYSTEMPATH\Common.php(1173): CodeIgniter\View\View->render('empresa/trabaja_con_nosotros', [], true)
 5 APPPATH\Controllers\Home.php(26): view('empresa/trabaja_con_nosotros', [...])
 6 SYSTEMPATH\CodeIgniter.php(933): App\Controllers\Home->trabaja_con_nosotros()
 7 SYSTEMPATH\CodeIgniter.php(507): CodeIgniter\CodeIgniter->runController(Object(App\Controllers\Home))
 8 SYSTEMPATH\CodeIgniter.php(354): CodeIgniter\CodeIgniter->handleRequest(null, Object(Config\Cache), false)
 9 SYSTEMPATH\Boot.php(334): CodeIgniter\CodeIgniter->run()
10 SYSTEMPATH\Boot.php(67): CodeIgniter\Boot::runCodeIgniter(Object(CodeIgniter\CodeIgniter))
11 FCPATH\index.php(56): CodeIgniter\Boot::bootWeb(Object(Config\Paths))
CRITICAL - 2025-05-03 00:22:24 --> CodeIgniter\Exceptions\RuntimeException: View themes, no current section.
[Method: GET, Route: empresa/trabaja_con_nosotros]
in SYSTEMPATH\View\View.php on line 430.
 1 APPPATH\Views\empresa\trabaja_con_nosotros.php(219): CodeIgniter\View\View->endSection()
 2 SYSTEMPATH\View\View.php(224): include('C:\\xampp\\htdocs\\proyecto_gerber_federico\\app\\Views\\empresa\\trabaja_con_nosotros.php')
 3 SYSTEMPATH\View\View.php(227): CodeIgniter\View\View->CodeIgniter\View\{closure}()
 4 SYSTEMPATH\Common.php(1173): CodeIgniter\View\View->render('empresa/trabaja_con_nosotros', [], true)
 5 APPPATH\Controllers\Home.php(26): view('empresa/trabaja_con_nosotros', [...])
 6 SYSTEMPATH\CodeIgniter.php(933): App\Controllers\Home->trabaja_con_nosotros()
 7 SYSTEMPATH\CodeIgniter.php(507): CodeIgniter\CodeIgniter->runController(Object(App\Controllers\Home))
 8 SYSTEMPATH\CodeIgniter.php(354): CodeIgniter\CodeIgniter->handleRequest(null, Object(Config\Cache), false)
 9 SYSTEMPATH\Boot.php(334): CodeIgniter\CodeIgniter->run()
10 SYSTEMPATH\Boot.php(67): CodeIgniter\Boot::runCodeIgniter(Object(CodeIgniter\CodeIgniter))
11 FCPATH\index.php(56): CodeIgniter\Boot::bootWeb(Object(Config\Paths))
CRITICAL - 2025-05-03 00:23:47 --> CodeIgniter\Exceptions\RuntimeException: View themes, no current section.
[Method: GET, Route: empresa/trabaja_con_nosotros]
in SYSTEMPATH\View\View.php on line 430.
 1 APPPATH\Views\empresa\trabaja_con_nosotros.php(219): CodeIgniter\View\View->endSection()
 2 SYSTEMPATH\View\View.php(224): include('C:\\xampp\\htdocs\\proyecto_gerber_federico\\app\\Views\\empresa\\trabaja_con_nosotros.php')
 3 SYSTEMPATH\View\View.php(227): CodeIgniter\View\View->CodeIgniter\View\{closure}()
 4 SYSTEMPATH\Common.php(1173): CodeIgniter\View\View->render('empresa/trabaja_con_nosotros', [], true)
 5 APPPATH\Controllers\Home.php(26): view('empresa/trabaja_con_nosotros', [...])
 6 SYSTEMPATH\CodeIgniter.php(933): App\Controllers\Home->trabaja_con_nosotros()
 7 SYSTEMPATH\CodeIgniter.php(507): CodeIgniter\CodeIgniter->runController(Object(App\Controllers\Home))
 8 SYSTEMPATH\CodeIgniter.php(354): CodeIgniter\CodeIgniter->handleRequest(null, Object(Config\Cache), false)
 9 SYSTEMPATH\Boot.php(334): CodeIgniter\CodeIgniter->run()
10 SYSTEMPATH\Boot.php(67): CodeIgniter\Boot::runCodeIgniter(Object(CodeIgniter\CodeIgniter))
11 FCPATH\index.php(56): CodeIgniter\Boot::bootWeb(Object(Config\Paths))
CRITICAL - 2025-05-03 00:23:50 --> CodeIgniter\Exceptions\RuntimeException: View themes, no current section.
[Method: GET, Route: empresa/trabaja_con_nosotros]
in SYSTEMPATH\View\View.php on line 430.
 1 APPPATH\Views\empresa\trabaja_con_nosotros.php(219): CodeIgniter\View\View->endSection()
 2 SYSTEMPATH\View\View.php(224): include('C:\\xampp\\htdocs\\proyecto_gerber_federico\\app\\Views\\empresa\\trabaja_con_nosotros.php')
 3 SYSTEMPATH\View\View.php(227): CodeIgniter\View\View->CodeIgniter\View\{closure}()
 4 SYSTEMPATH\Common.php(1173): CodeIgniter\View\View->render('empresa/trabaja_con_nosotros', [], true)
 5 APPPATH\Controllers\Home.php(26): view('empresa/trabaja_con_nosotros', [...])
 6 SYSTEMPATH\CodeIgniter.php(933): App\Controllers\Home->trabaja_con_nosotros()
 7 SYSTEMPATH\CodeIgniter.php(507): CodeIgniter\CodeIgniter->runController(Object(App\Controllers\Home))
 8 SYSTEMPATH\CodeIgniter.php(354): CodeIgniter\CodeIgniter->handleRequest(null, Object(Config\Cache), false)
 9 SYSTEMPATH\Boot.php(334): CodeIgniter\CodeIgniter->run()
10 SYSTEMPATH\Boot.php(67): CodeIgniter\Boot::runCodeIgniter(Object(CodeIgniter\CodeIgniter))
11 FCPATH\index.php(56): CodeIgniter\Boot::bootWeb(Object(Config\Paths))
CRITICAL - 2025-05-03 00:24:59 --> CodeIgniter\Exceptions\RuntimeException: View themes, no current section.
[Method: GET, Route: empresa/trabaja_con_nosotros]
in SYSTEMPATH\View\View.php on line 430.
 1 APPPATH\Views\empresa\trabaja_con_nosotros.php(219): CodeIgniter\View\View->endSection()
 2 SYSTEMPATH\View\View.php(224): include('C:\\xampp\\htdocs\\proyecto_gerber_federico\\app\\Views\\empresa\\trabaja_con_nosotros.php')
 3 SYSTEMPATH\View\View.php(227): CodeIgniter\View\View->CodeIgniter\View\{closure}()
 4 SYSTEMPATH\Common.php(1173): CodeIgniter\View\View->render('empresa/trabaja_con_nosotros', [], true)
 5 APPPATH\Controllers\Home.php(26): view('empresa/trabaja_con_nosotros', [...])
 6 SYSTEMPATH\CodeIgniter.php(933): App\Controllers\Home->trabaja_con_nosotros()
 7 SYSTEMPATH\CodeIgniter.php(507): CodeIgniter\CodeIgniter->runController(Object(App\Controllers\Home))
 8 SYSTEMPATH\CodeIgniter.php(354): CodeIgniter\CodeIgniter->handleRequest(null, Object(Config\Cache), false)
 9 SYSTEMPATH\Boot.php(334): CodeIgniter\CodeIgniter->run()
10 SYSTEMPATH\Boot.php(67): CodeIgniter\Boot::runCodeIgniter(Object(CodeIgniter\CodeIgniter))
11 FCPATH\index.php(56): CodeIgniter\Boot::bootWeb(Object(Config\Paths))
CRITICAL - 2025-05-03 00:27:22 --> CodeIgniter\Exceptions\RuntimeException: View themes, no current section.
[Method: GET, Route: empresa/trabaja_con_nosotros]
in SYSTEMPATH\View\View.php on line 430.
 1 APPPATH\Views\empresa\trabaja_con_nosotros.php(219): CodeIgniter\View\View->endSection()
 2 SYSTEMPATH\View\View.php(224): include('C:\\xampp\\htdocs\\proyecto_gerber_federico\\app\\Views\\empresa\\trabaja_con_nosotros.php')
 3 SYSTEMPATH\View\View.php(227): CodeIgniter\View\View->CodeIgniter\View\{closure}()
 4 SYSTEMPATH\Common.php(1173): CodeIgniter\View\View->render('empresa/trabaja_con_nosotros', [], true)
 5 APPPATH\Controllers\Home.php(29): view('empresa/trabaja_con_nosotros')
 6 SYSTEMPATH\CodeIgniter.php(933): App\Controllers\Home->trabaja_con_nosotros()
 7 SYSTEMPATH\CodeIgniter.php(507): CodeIgniter\CodeIgniter->runController(Object(App\Controllers\Home))
 8 SYSTEMPATH\CodeIgniter.php(354): CodeIgniter\CodeIgniter->handleRequest(null, Object(Config\Cache), false)
 9 SYSTEMPATH\Boot.php(334): CodeIgniter\CodeIgniter->run()
10 SYSTEMPATH\Boot.php(67): CodeIgniter\Boot::runCodeIgniter(Object(CodeIgniter\CodeIgniter))
11 FCPATH\index.php(56): CodeIgniter\Boot::bootWeb(Object(Config\Paths))
CRITICAL - 2025-05-03 00:29:59 --> CodeIgniter\Exceptions\RuntimeException: View themes, no current section.
[Method: GET, Route: empresa/trabaja_con_nosotros]
in SYSTEMPATH\View\View.php on line 430.
 1 APPPATH\Views\empresa\trabaja_con_nosotros.php(219): CodeIgniter\View\View->endSection()
 2 SYSTEMPATH\View\View.php(224): include('C:\\xampp\\htdocs\\proyecto_gerber_federico\\app\\Views\\empresa\\trabaja_con_nosotros.php')
 3 SYSTEMPATH\View\View.php(227): CodeIgniter\View\View->CodeIgniter\View\{closure}()
 4 SYSTEMPATH\Common.php(1173): CodeIgniter\View\View->render('empresa/trabaja_con_nosotros', [], true)
 5 APPPATH\Controllers\Home.php(29): view('empresa/trabaja_con_nosotros')
 6 SYSTEMPATH\CodeIgniter.php(933): App\Controllers\Home->trabaja_con_nosotros()
 7 SYSTEMPATH\CodeIgniter.php(507): CodeIgniter\CodeIgniter->runController(Object(App\Controllers\Home))
 8 SYSTEMPATH\CodeIgniter.php(354): CodeIgniter\CodeIgniter->handleRequest(null, Object(Config\Cache), false)
 9 SYSTEMPATH\Boot.php(334): CodeIgniter\CodeIgniter->run()
10 SYSTEMPATH\Boot.php(67): CodeIgniter\Boot::runCodeIgniter(Object(CodeIgniter\CodeIgniter))
11 FCPATH\index.php(56): CodeIgniter\Boot::bootWeb(Object(Config\Paths))
CRITICAL - 2025-05-03 00:32:09 --> CodeIgniter\Exceptions\RuntimeException: View themes, no current section.
[Method: GET, Route: empresa/trabaja_con_nosotros]
in SYSTEMPATH\View\View.php on line 430.
 1 APPPATH\Views\empresa\trabaja_con_nosotros.php(219): CodeIgniter\View\View->endSection()
 2 SYSTEMPATH\View\View.php(224): include('C:\\xampp\\htdocs\\proyecto_gerber_federico\\app\\Views\\empresa\\trabaja_con_nosotros.php')
 3 SYSTEMPATH\View\View.php(227): CodeIgniter\View\View->CodeIgniter\View\{closure}()
 4 SYSTEMPATH\Common.php(1173): CodeIgniter\View\View->render('empresa/trabaja_con_nosotros', [], true)
 5 APPPATH\Controllers\Home.php(29): view('empresa/trabaja_con_nosotros')
 6 SYSTEMPATH\CodeIgniter.php(933): App\Controllers\Home->trabaja_con_nosotros()
 7 SYSTEMPATH\CodeIgniter.php(507): CodeIgniter\CodeIgniter->runController(Object(App\Controllers\Home))
 8 SYSTEMPATH\CodeIgniter.php(354): CodeIgniter\CodeIgniter->handleRequest(null, Object(Config\Cache), false)
 9 SYSTEMPATH\Boot.php(334): CodeIgniter\CodeIgniter->run()
10 SYSTEMPATH\Boot.php(67): CodeIgniter\Boot::runCodeIgniter(Object(CodeIgniter\CodeIgniter))
11 FCPATH\index.php(56): CodeIgniter\Boot::bootWeb(Object(Config\Paths))
CRITICAL - 2025-05-03 00:32:10 --> CodeIgniter\Exceptions\RuntimeException: View themes, no current section.
[Method: GET, Route: empresa/trabaja_con_nosotros]
in SYSTEMPATH\View\View.php on line 430.
 1 APPPATH\Views\empresa\trabaja_con_nosotros.php(219): CodeIgniter\View\View->endSection()
 2 SYSTEMPATH\View\View.php(224): include('C:\\xampp\\htdocs\\proyecto_gerber_federico\\app\\Views\\empresa\\trabaja_con_nosotros.php')
 3 SYSTEMPATH\View\View.php(227): CodeIgniter\View\View->CodeIgniter\View\{closure}()
 4 SYSTEMPATH\Common.php(1173): CodeIgniter\View\View->render('empresa/trabaja_con_nosotros', [], true)
 5 APPPATH\Controllers\Home.php(29): view('empresa/trabaja_con_nosotros')
 6 SYSTEMPATH\CodeIgniter.php(933): App\Controllers\Home->trabaja_con_nosotros()
 7 SYSTEMPATH\CodeIgniter.php(507): CodeIgniter\CodeIgniter->runController(Object(App\Controllers\Home))
 8 SYSTEMPATH\CodeIgniter.php(354): CodeIgniter\CodeIgniter->handleRequest(null, Object(Config\Cache), false)
 9 SYSTEMPATH\Boot.php(334): CodeIgniter\CodeIgniter->run()
10 SYSTEMPATH\Boot.php(67): CodeIgniter\Boot::runCodeIgniter(Object(CodeIgniter\CodeIgniter))
11 FCPATH\index.php(56): CodeIgniter\Boot::bootWeb(Object(Config\Paths))
CRITICAL - 2025-05-03 00:32:14 --> CodeIgniter\Exceptions\RuntimeException: View themes, no current section.
[Method: GET, Route: empresa/trabaja_con_nosotros]
in SYSTEMPATH\View\View.php on line 430.
 1 APPPATH\Views\empresa\trabaja_con_nosotros.php(219): CodeIgniter\View\View->endSection()
 2 SYSTEMPATH\View\View.php(224): include('C:\\xampp\\htdocs\\proyecto_gerber_federico\\app\\Views\\empresa\\trabaja_con_nosotros.php')
 3 SYSTEMPATH\View\View.php(227): CodeIgniter\View\View->CodeIgniter\View\{closure}()
 4 SYSTEMPATH\Common.php(1173): CodeIgniter\View\View->render('empresa/trabaja_con_nosotros', [], true)
 5 APPPATH\Controllers\Home.php(29): view('empresa/trabaja_con_nosotros')
 6 SYSTEMPATH\CodeIgniter.php(933): App\Controllers\Home->trabaja_con_nosotros()
 7 SYSTEMPATH\CodeIgniter.php(507): CodeIgniter\CodeIgniter->runController(Object(App\Controllers\Home))
 8 SYSTEMPATH\CodeIgniter.php(354): CodeIgniter\CodeIgniter->handleRequest(null, Object(Config\Cache), false)
 9 SYSTEMPATH\Boot.php(334): CodeIgniter\CodeIgniter->run()
10 SYSTEMPATH\Boot.php(67): CodeIgniter\Boot::runCodeIgniter(Object(CodeIgniter\CodeIgniter))
11 FCPATH\index.php(56): CodeIgniter\Boot::bootWeb(Object(Config\Paths))
CRITICAL - 2025-05-03 00:33:04 --> CodeIgniter\Exceptions\RuntimeException: View themes, no current section.
[Method: GET, Route: empresa/trabaja_con_nosotros]
in SYSTEMPATH\View\View.php on line 430.
 1 APPPATH\Views\empresa\trabaja_con_nosotros.php(219): CodeIgniter\View\View->endSection()
 2 SYSTEMPATH\View\View.php(224): include('C:\\xampp\\htdocs\\proyecto_gerber_federico\\app\\Views\\empresa\\trabaja_con_nosotros.php')
 3 SYSTEMPATH\View\View.php(227): CodeIgniter\View\View->CodeIgniter\View\{closure}()
 4 SYSTEMPATH\Common.php(1173): CodeIgniter\View\View->render('empresa/trabaja_con_nosotros', [], true)
 5 APPPATH\Controllers\Home.php(29): view('empresa/trabaja_con_nosotros')
 6 SYSTEMPATH\CodeIgniter.php(933): App\Controllers\Home->trabaja_con_nosotros()
 7 SYSTEMPATH\CodeIgniter.php(507): CodeIgniter\CodeIgniter->runController(Object(App\Controllers\Home))
 8 SYSTEMPATH\CodeIgniter.php(354): CodeIgniter\CodeIgniter->handleRequest(null, Object(Config\Cache), false)
 9 SYSTEMPATH\Boot.php(334): CodeIgniter\CodeIgniter->run()
10 SYSTEMPATH\Boot.php(67): CodeIgniter\Boot::runCodeIgniter(Object(CodeIgniter\CodeIgniter))
11 FCPATH\index.php(56): CodeIgniter\Boot::bootWeb(Object(Config\Paths))
CRITICAL - 2025-05-03 00:37:12 --> CodeIgniter\Exceptions\RuntimeException: View themes, no current section.
[Method: GET, Route: empresa/trabaja_con_nosotros]
in SYSTEMPATH\View\View.php on line 430.
 1 APPPATH\Views\empresa\trabaja_con_nosotros.php(219): CodeIgniter\View\View->endSection()
 2 SYSTEMPATH\View\View.php(224): include('C:\\xampp\\htdocs\\proyecto_gerber_federico\\app\\Views\\empresa\\trabaja_con_nosotros.php')
 3 SYSTEMPATH\View\View.php(227): CodeIgniter\View\View->CodeIgniter\View\{closure}()
 4 SYSTEMPATH\Common.php(1173): CodeIgniter\View\View->render('empresa/trabaja_con_nosotros', [], true)
 5 APPPATH\Controllers\Home.php(29): view('empresa/trabaja_con_nosotros')
 6 SYSTEMPATH\CodeIgniter.php(933): App\Controllers\Home->trabaja_con_nosotros()
 7 SYSTEMPATH\CodeIgniter.php(507): CodeIgniter\CodeIgniter->runController(Object(App\Controllers\Home))
 8 SYSTEMPATH\CodeIgniter.php(354): CodeIgniter\CodeIgniter->handleRequest(null, Object(Config\Cache), false)
 9 SYSTEMPATH\Boot.php(334): CodeIgniter\CodeIgniter->run()
10 SYSTEMPATH\Boot.php(67): CodeIgniter\Boot::runCodeIgniter(Object(CodeIgniter\CodeIgniter))
11 FCPATH\index.php(56): CodeIgniter\Boot::bootWeb(Object(Config\Paths))
CRITICAL - 2025-05-03 00:37:13 --> CodeIgniter\Exceptions\RuntimeException: View themes, no current section.
[Method: GET, Route: empresa/trabaja_con_nosotros]
in SYSTEMPATH\View\View.php on line 430.
 1 APPPATH\Views\empresa\trabaja_con_nosotros.php(219): CodeIgniter\View\View->endSection()
 2 SYSTEMPATH\View\View.php(224): include('C:\\xampp\\htdocs\\proyecto_gerber_federico\\app\\Views\\empresa\\trabaja_con_nosotros.php')
 3 SYSTEMPATH\View\View.php(227): CodeIgniter\View\View->CodeIgniter\View\{closure}()
 4 SYSTEMPATH\Common.php(1173): CodeIgniter\View\View->render('empresa/trabaja_con_nosotros', [], true)
 5 APPPATH\Controllers\Home.php(29): view('empresa/trabaja_con_nosotros')
 6 SYSTEMPATH\CodeIgniter.php(933): App\Controllers\Home->trabaja_con_nosotros()
 7 SYSTEMPATH\CodeIgniter.php(507): CodeIgniter\CodeIgniter->runController(Object(App\Controllers\Home))
 8 SYSTEMPATH\CodeIgniter.php(354): CodeIgniter\CodeIgniter->handleRequest(null, Object(Config\Cache), false)
 9 SYSTEMPATH\Boot.php(334): CodeIgniter\CodeIgniter->run()
10 SYSTEMPATH\Boot.php(67): CodeIgniter\Boot::runCodeIgniter(Object(CodeIgniter\CodeIgniter))
11 FCPATH\index.php(56): CodeIgniter\Boot::bootWeb(Object(Config\Paths))
CRITICAL - 2025-05-03 00:37:13 --> CodeIgniter\Exceptions\RuntimeException: View themes, no current section.
[Method: GET, Route: empresa/trabaja_con_nosotros]
in SYSTEMPATH\View\View.php on line 430.
 1 APPPATH\Views\empresa\trabaja_con_nosotros.php(219): CodeIgniter\View\View->endSection()
 2 SYSTEMPATH\View\View.php(224): include('C:\\xampp\\htdocs\\proyecto_gerber_federico\\app\\Views\\empresa\\trabaja_con_nosotros.php')
 3 SYSTEMPATH\View\View.php(227): CodeIgniter\View\View->CodeIgniter\View\{closure}()
 4 SYSTEMPATH\Common.php(1173): CodeIgniter\View\View->render('empresa/trabaja_con_nosotros', [], true)
 5 APPPATH\Controllers\Home.php(29): view('empresa/trabaja_con_nosotros')
 6 SYSTEMPATH\CodeIgniter.php(933): App\Controllers\Home->trabaja_con_nosotros()
 7 SYSTEMPATH\CodeIgniter.php(507): CodeIgniter\CodeIgniter->runController(Object(App\Controllers\Home))
 8 SYSTEMPATH\CodeIgniter.php(354): CodeIgniter\CodeIgniter->handleRequest(null, Object(Config\Cache), false)
 9 SYSTEMPATH\Boot.php(334): CodeIgniter\CodeIgniter->run()
10 SYSTEMPATH\Boot.php(67): CodeIgniter\Boot::runCodeIgniter(Object(CodeIgniter\CodeIgniter))
11 FCPATH\index.php(56): CodeIgniter\Boot::bootWeb(Object(Config\Paths))
CRITICAL - 2025-05-03 00:37:18 --> CodeIgniter\Exceptions\RuntimeException: View themes, no current section.
[Method: GET, Route: empresa/trabaja_con_nosotros]
in SYSTEMPATH\View\View.php on line 430.
 1 APPPATH\Views\empresa\trabaja_con_nosotros.php(219): CodeIgniter\View\View->endSection()
 2 SYSTEMPATH\View\View.php(224): include('C:\\xampp\\htdocs\\proyecto_gerber_federico\\app\\Views\\empresa\\trabaja_con_nosotros.php')
 3 SYSTEMPATH\View\View.php(227): CodeIgniter\View\View->CodeIgniter\View\{closure}()
 4 SYSTEMPATH\Common.php(1173): CodeIgniter\View\View->render('empresa/trabaja_con_nosotros', [], true)
 5 APPPATH\Controllers\Home.php(29): view('empresa/trabaja_con_nosotros')
 6 SYSTEMPATH\CodeIgniter.php(933): App\Controllers\Home->trabaja_con_nosotros()
 7 SYSTEMPATH\CodeIgniter.php(507): CodeIgniter\CodeIgniter->runController(Object(App\Controllers\Home))
 8 SYSTEMPATH\CodeIgniter.php(354): CodeIgniter\CodeIgniter->handleRequest(null, Object(Config\Cache), false)
 9 SYSTEMPATH\Boot.php(334): CodeIgniter\CodeIgniter->run()
10 SYSTEMPATH\Boot.php(67): CodeIgniter\Boot::runCodeIgniter(Object(CodeIgniter\CodeIgniter))
11 FCPATH\index.php(56): CodeIgniter\Boot::bootWeb(Object(Config\Paths))
CRITICAL - 2025-05-03 00:37:57 --> CodeIgniter\Exceptions\RuntimeException: View themes, no current section.
[Method: GET, Route: empresa/trabaja_con_nosotros]
in SYSTEMPATH\View\View.php on line 430.
 1 APPPATH\Views\empresa\trabaja_con_nosotros.php(219): CodeIgniter\View\View->endSection()
 2 SYSTEMPATH\View\View.php(224): include('C:\\xampp\\htdocs\\proyecto_gerber_federico\\app\\Views\\empresa\\trabaja_con_nosotros.php')
 3 SYSTEMPATH\View\View.php(227): CodeIgniter\View\View->CodeIgniter\View\{closure}()
 4 SYSTEMPATH\Common.php(1173): CodeIgniter\View\View->render('empresa/trabaja_con_nosotros', [], true)
 5 APPPATH\Controllers\Home.php(26): view('empresa/trabaja_con_nosotros', [...])
 6 SYSTEMPATH\CodeIgniter.php(933): App\Controllers\Home->trabaja_con_nosotros()
 7 SYSTEMPATH\CodeIgniter.php(507): CodeIgniter\CodeIgniter->runController(Object(App\Controllers\Home))
 8 SYSTEMPATH\CodeIgniter.php(354): CodeIgniter\CodeIgniter->handleRequest(null, Object(Config\Cache), false)
 9 SYSTEMPATH\Boot.php(334): CodeIgniter\CodeIgniter->run()
10 SYSTEMPATH\Boot.php(67): CodeIgniter\Boot::runCodeIgniter(Object(CodeIgniter\CodeIgniter))
11 FCPATH\index.php(56): CodeIgniter\Boot::bootWeb(Object(Config\Paths))
CRITICAL - 2025-05-03 00:38:04 --> CodeIgniter\Exceptions\RuntimeException: View themes, no current section.
[Method: GET, Route: empresa/trabaja_con_nosotros]
in SYSTEMPATH\View\View.php on line 430.
 1 APPPATH\Views\empresa\trabaja_con_nosotros.php(219): CodeIgniter\View\View->endSection()
 2 SYSTEMPATH\View\View.php(224): include('C:\\xampp\\htdocs\\proyecto_gerber_federico\\app\\Views\\empresa\\trabaja_con_nosotros.php')
 3 SYSTEMPATH\View\View.php(227): CodeIgniter\View\View->CodeIgniter\View\{closure}()
 4 SYSTEMPATH\Common.php(1173): CodeIgniter\View\View->render('empresa/trabaja_con_nosotros', [], true)
 5 APPPATH\Controllers\Home.php(26): view('empresa/trabaja_con_nosotros', [...])
 6 SYSTEMPATH\CodeIgniter.php(933): App\Controllers\Home->trabaja_con_nosotros()
 7 SYSTEMPATH\CodeIgniter.php(507): CodeIgniter\CodeIgniter->runController(Object(App\Controllers\Home))
 8 SYSTEMPATH\CodeIgniter.php(354): CodeIgniter\CodeIgniter->handleRequest(null, Object(Config\Cache), false)
 9 SYSTEMPATH\Boot.php(334): CodeIgniter\CodeIgniter->run()
10 SYSTEMPATH\Boot.php(67): CodeIgniter\Boot::runCodeIgniter(Object(CodeIgniter\CodeIgniter))
11 FCPATH\index.php(56): CodeIgniter\Boot::bootWeb(Object(Config\Paths))
CRITICAL - 2025-05-03 00:38:25 --> CodeIgniter\Exceptions\RuntimeException: View themes, no current section.
[Method: GET, Route: empresa/trabaja_con_nosotros]
in SYSTEMPATH\View\View.php on line 430.
 1 APPPATH\Views\empresa\trabaja_con_nosotros.php(219): CodeIgniter\View\View->endSection()
 2 SYSTEMPATH\View\View.php(224): include('C:\\xampp\\htdocs\\proyecto_gerber_federico\\app\\Views\\empresa\\trabaja_con_nosotros.php')
 3 SYSTEMPATH\View\View.php(227): CodeIgniter\View\View->CodeIgniter\View\{closure}()
 4 SYSTEMPATH\Common.php(1173): CodeIgniter\View\View->render('empresa/trabaja_con_nosotros', [], true)
 5 APPPATH\Controllers\Home.php(26): view('empresa/trabaja_con_nosotros', [...])
 6 SYSTEMPATH\CodeIgniter.php(933): App\Controllers\Home->trabaja_con_nosotros()
 7 SYSTEMPATH\CodeIgniter.php(507): CodeIgniter\CodeIgniter->runController(Object(App\Controllers\Home))
 8 SYSTEMPATH\CodeIgniter.php(354): CodeIgniter\CodeIgniter->handleRequest(null, Object(Config\Cache), false)
 9 SYSTEMPATH\Boot.php(334): CodeIgniter\CodeIgniter->run()
10 SYSTEMPATH\Boot.php(67): CodeIgniter\Boot::runCodeIgniter(Object(CodeIgniter\CodeIgniter))
11 FCPATH\index.php(56): CodeIgniter\Boot::bootWeb(Object(Config\Paths))
CRITICAL - 2025-05-03 02:50:14 --> CodeIgniter\View\Exceptions\ViewException: Invalid file: "layouts/partials/modals/login_modal.php"
[Method: GET, Route: /]
in SYSTEMPATH\Exceptions\FrameworkException.php on line 39.
 1 SYSTEMPATH\View\View.php(212): CodeIgniter\Exceptions\FrameworkException::forInvalidFile('layouts/partials/modals/login_modal.php')
 2 SYSTEMPATH\View\View.php(475): CodeIgniter\View\View->render('layouts/partials/modals/login_modal', null, true)
 3 APPPATH\Views\layouts\header.php(50): CodeIgniter\View\View->include('layouts/partials/modals/login_modal')
 4 SYSTEMPATH\View\View.php(224): include('C:\\xampp\\htdocs\\proyecto_gerber_federico\\app\\Views\\layouts\\header.php')
 5 SYSTEMPATH\View\View.php(227): CodeIgniter\View\View->CodeIgniter\View\{closure}()
 6 SYSTEMPATH\View\View.php(475): CodeIgniter\View\View->render('layouts/header', null, true)
 7 APPPATH\Views\layouts\plantilla.php(19): CodeIgniter\View\View->include('layouts/header')
 8 SYSTEMPATH\View\View.php(224): include('C:\\xampp\\htdocs\\proyecto_gerber_federico\\app\\Views\\layouts\\plantilla.php')
 9 SYSTEMPATH\View\View.php(227): CodeIgniter\View\View->CodeIgniter\View\{closure}()
10 SYSTEMPATH\View\View.php(240): CodeIgniter\View\View->render('layouts/plantilla', [], true)
11 SYSTEMPATH\Common.php(1173): CodeIgniter\View\View->render('principal', [], true)
12 APPPATH\Controllers\Home.php(9): view('principal', [...])
13 SYSTEMPATH\CodeIgniter.php(933): App\Controllers\Home->index()
14 SYSTEMPATH\CodeIgniter.php(507): CodeIgniter\CodeIgniter->runController(Object(App\Controllers\Home))
15 SYSTEMPATH\CodeIgniter.php(354): CodeIgniter\CodeIgniter->handleRequest(null, Object(Config\Cache), false)
16 SYSTEMPATH\Boot.php(334): CodeIgniter\CodeIgniter->run()
17 SYSTEMPATH\Boot.php(67): CodeIgniter\Boot::runCodeIgniter(Object(CodeIgniter\CodeIgniter))
18 FCPATH\index.php(56): CodeIgniter\Boot::bootWeb(Object(Config\Paths))
CRITICAL - 2025-05-03 02:50:15 --> CodeIgniter\View\Exceptions\ViewException: Invalid file: "layouts/partials/modals/login_modal.php"
[Method: GET, Route: /]
in SYSTEMPATH\Exceptions\FrameworkException.php on line 39.
 1 SYSTEMPATH\View\View.php(212): CodeIgniter\Exceptions\FrameworkException::forInvalidFile('layouts/partials/modals/login_modal.php')
 2 SYSTEMPATH\View\View.php(475): CodeIgniter\View\View->render('layouts/partials/modals/login_modal', null, true)
 3 APPPATH\Views\layouts\header.php(50): CodeIgniter\View\View->include('layouts/partials/modals/login_modal')
 4 SYSTEMPATH\View\View.php(224): include('C:\\xampp\\htdocs\\proyecto_gerber_federico\\app\\Views\\layouts\\header.php')
 5 SYSTEMPATH\View\View.php(227): CodeIgniter\View\View->CodeIgniter\View\{closure}()
 6 SYSTEMPATH\View\View.php(475): CodeIgniter\View\View->render('layouts/header', null, true)
 7 APPPATH\Views\layouts\plantilla.php(19): CodeIgniter\View\View->include('layouts/header')
 8 SYSTEMPATH\View\View.php(224): include('C:\\xampp\\htdocs\\proyecto_gerber_federico\\app\\Views\\layouts\\plantilla.php')
 9 SYSTEMPATH\View\View.php(227): CodeIgniter\View\View->CodeIgniter\View\{closure}()
10 SYSTEMPATH\View\View.php(240): CodeIgniter\View\View->render('layouts/plantilla', [], true)
11 SYSTEMPATH\Common.php(1173): CodeIgniter\View\View->render('principal', [], true)
12 APPPATH\Controllers\Home.php(9): view('principal', [...])
13 SYSTEMPATH\CodeIgniter.php(933): App\Controllers\Home->index()
14 SYSTEMPATH\CodeIgniter.php(507): CodeIgniter\CodeIgniter->runController(Object(App\Controllers\Home))
15 SYSTEMPATH\CodeIgniter.php(354): CodeIgniter\CodeIgniter->handleRequest(null, Object(Config\Cache), false)
16 SYSTEMPATH\Boot.php(334): CodeIgniter\CodeIgniter->run()
17 SYSTEMPATH\Boot.php(67): CodeIgniter\Boot::runCodeIgniter(Object(CodeIgniter\CodeIgniter))
18 FCPATH\index.php(56): CodeIgniter\Boot::bootWeb(Object(Config\Paths))
CRITICAL - 2025-05-03 02:50:22 --> CodeIgniter\View\Exceptions\ViewException: Invalid file: "layouts/partials/modals/login_modal.php"
[Method: GET, Route: /]
in SYSTEMPATH\Exceptions\FrameworkException.php on line 39.
 1 SYSTEMPATH\View\View.php(212): CodeIgniter\Exceptions\FrameworkException::forInvalidFile('layouts/partials/modals/login_modal.php')
 2 SYSTEMPATH\View\View.php(475): CodeIgniter\View\View->render('layouts/partials/modals/login_modal', null, true)
 3 APPPATH\Views\layouts\header.php(50): CodeIgniter\View\View->include('layouts/partials/modals/login_modal')
 4 SYSTEMPATH\View\View.php(224): include('C:\\xampp\\htdocs\\proyecto_gerber_federico\\app\\Views\\layouts\\header.php')
 5 SYSTEMPATH\View\View.php(227): CodeIgniter\View\View->CodeIgniter\View\{closure}()
 6 SYSTEMPATH\View\View.php(475): CodeIgniter\View\View->render('layouts/header', null, true)
 7 APPPATH\Views\layouts\plantilla.php(19): CodeIgniter\View\View->include('layouts/header')
 8 SYSTEMPATH\View\View.php(224): include('C:\\xampp\\htdocs\\proyecto_gerber_federico\\app\\Views\\layouts\\plantilla.php')
 9 SYSTEMPATH\View\View.php(227): CodeIgniter\View\View->CodeIgniter\View\{closure}()
10 SYSTEMPATH\View\View.php(240): CodeIgniter\View\View->render('layouts/plantilla', [], true)
11 SYSTEMPATH\Common.php(1173): CodeIgniter\View\View->render('principal', [], true)
12 APPPATH\Controllers\Home.php(9): view('principal', [...])
13 SYSTEMPATH\CodeIgniter.php(933): App\Controllers\Home->index()
14 SYSTEMPATH\CodeIgniter.php(507): CodeIgniter\CodeIgniter->runController(Object(App\Controllers\Home))
15 SYSTEMPATH\CodeIgniter.php(354): CodeIgniter\CodeIgniter->handleRequest(null, Object(Config\Cache), false)
16 SYSTEMPATH\Boot.php(334): CodeIgniter\CodeIgniter->run()
17 SYSTEMPATH\Boot.php(67): CodeIgniter\Boot::runCodeIgniter(Object(CodeIgniter\CodeIgniter))
18 FCPATH\index.php(56): CodeIgniter\Boot::bootWeb(Object(Config\Paths))
CRITICAL - 2025-05-03 03:00:28 --> CodeIgniter\View\Exceptions\ViewException: Invalid file: "layouts/modals/agendar_servicios.php"
[Method: GET, Route: servicios/servicios]
in SYSTEMPATH\Exceptions\FrameworkException.php on line 39.
 1 SYSTEMPATH\View\View.php(212): CodeIgniter\Exceptions\FrameworkException::forInvalidFile('layouts/modals/agendar_servicios.php')
 2 SYSTEMPATH\View\View.php(475): CodeIgniter\View\View->render('layouts/modals/agendar_servicios', null, true)
 3 APPPATH\Views\servicios\servicios.php(81): CodeIgniter\View\View->include('layouts/modals/agendar_servicios')
 4 SYSTEMPATH\View\View.php(224): include('C:\\xampp\\htdocs\\proyecto_gerber_federico\\app\\Views\\servicios\\servicios.php')
 5 SYSTEMPATH\View\View.php(227): CodeIgniter\View\View->CodeIgniter\View\{closure}()
 6 SYSTEMPATH\Common.php(1173): CodeIgniter\View\View->render('servicios/servicios', [], true)
 7 APPPATH\Controllers\Home.php(34): view('servicios/servicios', [...])
 8 SYSTEMPATH\CodeIgniter.php(933): App\Controllers\Home->servicios()
 9 SYSTEMPATH\CodeIgniter.php(507): CodeIgniter\CodeIgniter->runController(Object(App\Controllers\Home))
10 SYSTEMPATH\CodeIgniter.php(354): CodeIgniter\CodeIgniter->handleRequest(null, Object(Config\Cache), false)
11 SYSTEMPATH\Boot.php(334): CodeIgniter\CodeIgniter->run()
12 SYSTEMPATH\Boot.php(67): CodeIgniter\Boot::runCodeIgniter(Object(CodeIgniter\CodeIgniter))
13 FCPATH\index.php(56): CodeIgniter\Boot::bootWeb(Object(Config\Paths))
CRITICAL - 2025-05-03 03:00:30 --> CodeIgniter\View\Exceptions\ViewException: Invalid file: "layouts/modals/agendar_servicios.php"
[Method: GET, Route: servicios/servicios]
in SYSTEMPATH\Exceptions\FrameworkException.php on line 39.
 1 SYSTEMPATH\View\View.php(212): CodeIgniter\Exceptions\FrameworkException::forInvalidFile('layouts/modals/agendar_servicios.php')
 2 SYSTEMPATH\View\View.php(475): CodeIgniter\View\View->render('layouts/modals/agendar_servicios', null, true)
 3 APPPATH\Views\servicios\servicios.php(81): CodeIgniter\View\View->include('layouts/modals/agendar_servicios')
 4 SYSTEMPATH\View\View.php(224): include('C:\\xampp\\htdocs\\proyecto_gerber_federico\\app\\Views\\servicios\\servicios.php')
 5 SYSTEMPATH\View\View.php(227): CodeIgniter\View\View->CodeIgniter\View\{closure}()
 6 SYSTEMPATH\Common.php(1173): CodeIgniter\View\View->render('servicios/servicios', [], true)
 7 APPPATH\Controllers\Home.php(34): view('servicios/servicios', [...])
 8 SYSTEMPATH\CodeIgniter.php(933): App\Controllers\Home->servicios()
 9 SYSTEMPATH\CodeIgniter.php(507): CodeIgniter\CodeIgniter->runController(Object(App\Controllers\Home))
10 SYSTEMPATH\CodeIgniter.php(354): CodeIgniter\CodeIgniter->handleRequest(null, Object(Config\Cache), false)
11 SYSTEMPATH\Boot.php(334): CodeIgniter\CodeIgniter->run()
12 SYSTEMPATH\Boot.php(67): CodeIgniter\Boot::runCodeIgniter(Object(CodeIgniter\CodeIgniter))
13 FCPATH\index.php(56): CodeIgniter\Boot::bootWeb(Object(Config\Paths))
